11:11:25.800 [main] INFO  com.wy.demo.DemoApplication - The following profiles are active: ww
11:11:32.232 [main] INFO  org.apache.coyote.http11.Http11NioProtocol - Initializing ProtocolHandler ["http-nio-8081"]
11:11:32.235 [main] INFO  org.apache.catalina.core.StandardService - Starting service [Tomcat]
11:11:32.237 [main] INFO  org.apache.catalina.core.StandardEngine - Starting Servlet engine: [Apache Tomcat/9.0.30]
11:11:32.510 [main] INFO  org.apache.catalina.core.ContainerBase.[Tomcat].[localhost].[/] - Initializing Spring embedded WebApplicationContext
11:11:36.474 [main] INFO  org.redisson.Version - Redisson 3.17.7
11:11:39.829 [redisson-netty-2-6] INFO  org.redisson.connection.pool.MasterPubSubConnectionPool - 1 connections initialized for localhost/127.0.0.1:6379
11:11:39.906 [redisson-netty-2-20] INFO  org.redisson.connection.pool.MasterConnectionPool - 24 connections initialized for localhost/127.0.0.1:6379
11:11:45.572 [main] INFO  com.alibaba.druid.pool.DruidDataSource - {dataSource-0} closing ...
11:11:45.572 [main] INFO  com.alibaba.druid.pool.DruidDataSource - {dataSource-0} closing ...
11:11:45.576 [main] INFO  org.apache.catalina.core.StandardService - Stopping service [Tomcat]
11:11:45.757 [main] WARN  org.apache.catalina.loader.WebappClassLoaderBase - The web application [ROOT] appears to have started a thread named [nacos.publisher-com.alibaba.nacos.common.notify.SlowEvent] but has failed to stop it. This is very likely to create a memory leak. Stack trace of thread:
 java.lang.Thread.sleep(Native Method)
 com.alibaba.nacos.common.utils.ThreadUtils.sleep(ThreadUtils.java:52)
 com.alibaba.nacos.common.notify.DefaultPublisher.openEventHandler(DefaultPublisher.java:108)
 com.alibaba.nacos.common.notify.DefaultPublisher.run(DefaultPublisher.java:94)
11:11:45.765 [main] WARN  org.apache.catalina.loader.WebappClassLoaderBase - The web application [ROOT] appears to have started a thread named [nacos.publisher-com.alibaba.nacos.client.naming.event.InstancesChangeEvent] but has failed to stop it. This is very likely to create a memory leak. Stack trace of thread:
 sun.misc.Unsafe.park(Native Method)
 java.util.concurrent.locks.LockSupport.park(LockSupport.java:175)
 java.util.concurrent.locks.AbstractQueuedSynchronizer$ConditionObject.await(AbstractQueuedSynchronizer.java:2039)
 java.util.concurrent.ArrayBlockingQueue.take(ArrayBlockingQueue.java:403)
 com.alibaba.nacos.common.notify.DefaultPublisher.openEventHandler(DefaultPublisher.java:116)
 com.alibaba.nacos.common.notify.DefaultPublisher.run(DefaultPublisher.java:94)
11:11:45.771 [main] WARN  org.apache.catalina.loader.WebappClassLoaderBase - The web application [ROOT] appears to have started a thread named [Thread-40] but has failed to stop it. This is very likely to create a memory leak. Stack trace of thread:
 sun.net.dns.ResolverConfigurationImpl.notifyAddrChange0(Native Method)
 sun.net.dns.ResolverConfigurationImpl$AddressChangeListener.run(ResolverConfigurationImpl.java:144)
11:11:45.772 [main] WARN  org.apache.catalina.loader.WebappClassLoaderBase - The web application [ROOT] appears to have started a thread named [Abandoned connection cleanup thread] but has failed to stop it. This is very likely to create a memory leak. Stack trace of thread:
 java.lang.Object.wait(Native Method)
 java.lang.ref.ReferenceQueue.remove(ReferenceQueue.java:144)
 com.mysql.jdbc.AbandonedConnectionCleanupThread.run(AbandonedConnectionCleanupThread.java:41)
11:11:46.036 [Thread-36] WARN  com.alibaba.nacos.common.notify.NotifyCenter - [NotifyCenter] Start destroying Publisher
11:11:46.036 [Thread-30] WARN  com.alibaba.nacos.common.http.HttpClientBeanHolder - [HttpClientBeanHolder] Start destroying common HttpClient
11:11:46.037 [Thread-36] WARN  com.alibaba.nacos.common.notify.NotifyCenter - [NotifyCenter] Destruction of the end
11:11:46.038 [Thread-30] WARN  com.alibaba.nacos.common.http.HttpClientBeanHolder - [HttpClientBeanHolder] Destruction of the end
11:22:33.151 [main] INFO  com.wy.demo.DemoApplication - The following profiles are active: ww
11:22:36.910 [main] INFO  org.apache.coyote.http11.Http11NioProtocol - Initializing ProtocolHandler ["http-nio-8081"]
11:22:36.912 [main] INFO  org.apache.catalina.core.StandardService - Starting service [Tomcat]
11:22:36.913 [main] INFO  org.apache.catalina.core.StandardEngine - Starting Servlet engine: [Apache Tomcat/9.0.30]
11:22:37.091 [main] INFO  org.apache.catalina.core.ContainerBase.[Tomcat].[localhost].[/] - Initializing Spring embedded WebApplicationContext
11:22:39.874 [main] INFO  com.wy.demo.mybatis.config.DataSourceConfig - 开始加载mysql druid
11:22:39.897 [main] INFO  com.wy.demo.mybatis.config.DataSourceConfig - mysql的druid加载完成
11:22:40.540 [main] INFO  org.redisson.Version - Redisson 3.17.7
11:22:43.533 [redisson-netty-2-8] INFO  org.redisson.connection.pool.MasterPubSubConnectionPool - 1 connections initialized for localhost/127.0.0.1:6379
11:22:43.607 [redisson-netty-2-20] INFO  org.redisson.connection.pool.MasterConnectionPool - 24 connections initialized for localhost/127.0.0.1:6379
11:22:49.973 [main] INFO  com.alibaba.druid.pool.DruidDataSource - {dataSource-0} closing ...
11:22:49.973 [main] INFO  com.alibaba.druid.pool.DruidDataSource - {dataSource-0} closing ...
11:22:49.973 [main] INFO  com.alibaba.druid.pool.DruidDataSource - {dataSource-0} closing ...
11:22:49.977 [main] INFO  org.apache.catalina.core.StandardService - Stopping service [Tomcat]
11:22:49.995 [main] WARN  org.apache.catalina.loader.WebappClassLoaderBase - The web application [ROOT] appears to have started a thread named [nacos.publisher-com.alibaba.nacos.common.notify.SlowEvent] but has failed to stop it. This is very likely to create a memory leak. Stack trace of thread:
 java.lang.Thread.sleep(Native Method)
 com.alibaba.nacos.common.utils.ThreadUtils.sleep(ThreadUtils.java:52)
 com.alibaba.nacos.common.notify.DefaultPublisher.openEventHandler(DefaultPublisher.java:108)
 com.alibaba.nacos.common.notify.DefaultPublisher.run(DefaultPublisher.java:94)
11:22:49.996 [main] WARN  org.apache.catalina.loader.WebappClassLoaderBase - The web application [ROOT] appears to have started a thread named [nacos.publisher-com.alibaba.nacos.client.naming.event.InstancesChangeEvent] but has failed to stop it. This is very likely to create a memory leak. Stack trace of thread:
 sun.misc.Unsafe.park(Native Method)
 java.util.concurrent.locks.LockSupport.park(LockSupport.java:175)
 java.util.concurrent.locks.AbstractQueuedSynchronizer$ConditionObject.await(AbstractQueuedSynchronizer.java:2039)
 java.util.concurrent.ArrayBlockingQueue.take(ArrayBlockingQueue.java:403)
 com.alibaba.nacos.common.notify.DefaultPublisher.openEventHandler(DefaultPublisher.java:116)
 com.alibaba.nacos.common.notify.DefaultPublisher.run(DefaultPublisher.java:94)
11:22:49.997 [main] WARN  org.apache.catalina.loader.WebappClassLoaderBase - The web application [ROOT] appears to have started a thread named [Thread-41] but has failed to stop it. This is very likely to create a memory leak. Stack trace of thread:
 sun.net.dns.ResolverConfigurationImpl.notifyAddrChange0(Native Method)
 sun.net.dns.ResolverConfigurationImpl$AddressChangeListener.run(ResolverConfigurationImpl.java:144)
11:22:49.997 [main] WARN  org.apache.catalina.loader.WebappClassLoaderBase - The web application [ROOT] appears to have started a thread named [Abandoned connection cleanup thread] but has failed to stop it. This is very likely to create a memory leak. Stack trace of thread:
 java.lang.Object.wait(Native Method)
 java.lang.ref.ReferenceQueue.remove(ReferenceQueue.java:144)
 com.mysql.jdbc.AbandonedConnectionCleanupThread.run(AbandonedConnectionCleanupThread.java:41)
11:22:50.975 [Thread-37] WARN  com.alibaba.nacos.common.notify.NotifyCenter - [NotifyCenter] Start destroying Publisher
11:22:50.975 [Thread-31] WARN  com.alibaba.nacos.common.http.HttpClientBeanHolder - [HttpClientBeanHolder] Start destroying common HttpClient
11:22:50.977 [Thread-37] WARN  com.alibaba.nacos.common.notify.NotifyCenter - [NotifyCenter] Destruction of the end
11:22:50.979 [Thread-31] WARN  com.alibaba.nacos.common.http.HttpClientBeanHolder - [HttpClientBeanHolder] Destruction of the end
11:24:33.314 [main] INFO  com.wy.demo.DemoApplication - The following profiles are active: ww
11:24:37.026 [main] INFO  org.apache.coyote.http11.Http11NioProtocol - Initializing ProtocolHandler ["http-nio-8081"]
11:24:37.027 [main] INFO  org.apache.catalina.core.StandardService - Starting service [Tomcat]
11:24:37.028 [main] INFO  org.apache.catalina.core.StandardEngine - Starting Servlet engine: [Apache Tomcat/9.0.30]
11:24:37.201 [main] INFO  org.apache.catalina.core.ContainerBase.[Tomcat].[localhost].[/] - Initializing Spring embedded WebApplicationContext
11:24:39.997 [main] INFO  com.wy.demo.mybatis.config.DataSourceConfig - 开始加载mysql druid
11:24:40.015 [main] INFO  com.wy.demo.mybatis.config.DataSourceConfig - mysql的druid加载完成
11:24:40.694 [main] INFO  org.redisson.Version - Redisson 3.17.7
11:24:43.924 [redisson-netty-2-6] INFO  org.redisson.connection.pool.MasterPubSubConnectionPool - 1 connections initialized for localhost/127.0.0.1:6379
11:24:44.003 [redisson-netty-2-20] INFO  org.redisson.connection.pool.MasterConnectionPool - 24 connections initialized for localhost/127.0.0.1:6379
11:24:50.081 [main] INFO  com.alibaba.druid.pool.DruidDataSource - {dataSource-0} closing ...
11:24:50.081 [main] INFO  com.alibaba.druid.pool.DruidDataSource - {dataSource-0} closing ...
11:24:50.081 [main] INFO  com.alibaba.druid.pool.DruidDataSource - {dataSource-0} closing ...
11:24:50.085 [main] INFO  org.apache.catalina.core.StandardService - Stopping service [Tomcat]
11:24:50.104 [main] WARN  org.apache.catalina.loader.WebappClassLoaderBase - The web application [ROOT] appears to have started a thread named [nacos.publisher-com.alibaba.nacos.common.notify.SlowEvent] but has failed to stop it. This is very likely to create a memory leak. Stack trace of thread:
 java.lang.Thread.sleep(Native Method)
 com.alibaba.nacos.common.utils.ThreadUtils.sleep(ThreadUtils.java:52)
 com.alibaba.nacos.common.notify.DefaultPublisher.openEventHandler(DefaultPublisher.java:108)
 com.alibaba.nacos.common.notify.DefaultPublisher.run(DefaultPublisher.java:94)
11:24:50.105 [main] WARN  org.apache.catalina.loader.WebappClassLoaderBase - The web application [ROOT] appears to have started a thread named [nacos.publisher-com.alibaba.nacos.client.naming.event.InstancesChangeEvent] but has failed to stop it. This is very likely to create a memory leak. Stack trace of thread:
 sun.misc.Unsafe.park(Native Method)
 java.util.concurrent.locks.LockSupport.park(LockSupport.java:175)
 java.util.concurrent.locks.AbstractQueuedSynchronizer$ConditionObject.await(AbstractQueuedSynchronizer.java:2039)
 java.util.concurrent.ArrayBlockingQueue.take(ArrayBlockingQueue.java:403)
 com.alibaba.nacos.common.notify.DefaultPublisher.openEventHandler(DefaultPublisher.java:116)
 com.alibaba.nacos.common.notify.DefaultPublisher.run(DefaultPublisher.java:94)
11:24:50.106 [main] WARN  org.apache.catalina.loader.WebappClassLoaderBase - The web application [ROOT] appears to have started a thread named [Thread-40] but has failed to stop it. This is very likely to create a memory leak. Stack trace of thread:
 sun.net.dns.ResolverConfigurationImpl.notifyAddrChange0(Native Method)
 sun.net.dns.ResolverConfigurationImpl$AddressChangeListener.run(ResolverConfigurationImpl.java:144)
11:24:50.107 [main] WARN  org.apache.catalina.loader.WebappClassLoaderBase - The web application [ROOT] appears to have started a thread named [Abandoned connection cleanup thread] but has failed to stop it. This is very likely to create a memory leak. Stack trace of thread:
 java.lang.Object.wait(Native Method)
 java.lang.ref.ReferenceQueue.remove(ReferenceQueue.java:144)
 com.mysql.jdbc.AbandonedConnectionCleanupThread.run(AbandonedConnectionCleanupThread.java:41)
11:24:51.080 [Thread-37] WARN  com.alibaba.nacos.common.notify.NotifyCenter - [NotifyCenter] Start destroying Publisher
11:24:51.080 [Thread-31] WARN  com.alibaba.nacos.common.http.HttpClientBeanHolder - [HttpClientBeanHolder] Start destroying common HttpClient
11:24:51.081 [Thread-37] WARN  com.alibaba.nacos.common.notify.NotifyCenter - [NotifyCenter] Destruction of the end
11:24:51.083 [Thread-31] WARN  com.alibaba.nacos.common.http.HttpClientBeanHolder - [HttpClientBeanHolder] Destruction of the end
11:27:12.839 [main] INFO  com.wy.demo.DemoApplication - The following profiles are active: ww
11:27:16.492 [main] INFO  org.apache.coyote.http11.Http11NioProtocol - Initializing ProtocolHandler ["http-nio-8081"]
11:27:16.493 [main] INFO  org.apache.catalina.core.StandardService - Starting service [Tomcat]
11:27:16.494 [main] INFO  org.apache.catalina.core.StandardEngine - Starting Servlet engine: [Apache Tomcat/9.0.30]
11:27:16.674 [main] INFO  org.apache.catalina.core.ContainerBase.[Tomcat].[localhost].[/] - Initializing Spring embedded WebApplicationContext
11:27:19.564 [main] INFO  com.wy.demo.mybatis.config.DataSourceConfig - 开始加载mysql druid
11:27:19.584 [main] INFO  com.wy.demo.mybatis.config.DataSourceConfig - mysql的druid加载完成
11:27:20.169 [main] INFO  org.redisson.Version - Redisson 3.17.7
11:27:23.232 [redisson-netty-2-6] INFO  org.redisson.connection.pool.MasterPubSubConnectionPool - 1 connections initialized for localhost/127.0.0.1:6379
11:27:23.307 [redisson-netty-2-20] INFO  org.redisson.connection.pool.MasterConnectionPool - 24 connections initialized for localhost/127.0.0.1:6379
11:27:25.477 [main] INFO  com.alibaba.druid.pool.DruidDataSource - {dataSource-1} inited
11:27:28.681 [main] INFO  springfox.documentation.spring.web.PropertySourcedRequestMappingHandlerMapping - Mapped URL path [/v2/api-docs] onto method [springfox.documentation.swagger2.web.Swagger2Controller#getDocumentation(String, HttpServletRequest)]
11:27:28.789 [main] WARN  com.netflix.config.sources.URLConfigurationSource - No URLs will be polled as dynamic configuration sources.
11:27:28.790 [main] INFO  com.netflix.config.sources.URLConfigurationSource - To enable URLs as dynamic configuration sources, define System property archaius.configurationSource.additionalUrls or make config.properties available on classpath.
11:27:28.817 [main] WARN  com.netflix.config.sources.URLConfigurationSource - No URLs will be polled as dynamic configuration sources.
11:27:28.817 [main] INFO  com.netflix.config.sources.URLConfigurationSource - To enable URLs as dynamic configuration sources, define System property archaius.configurationSource.additionalUrls or make config.properties available on classpath.
11:27:33.576 [main] INFO  springfox.documentation.spring.web.plugins.DocumentationPluginsBootstrapper - Context refreshed
11:27:33.619 [main] INFO  springfox.documentation.spring.web.plugins.DocumentationPluginsBootstrapper - Found 1 custom documentation plugin(s)
11:27:33.692 [main] INFO  springfox.documentation.spring.web.scanners.ApiListingReferenceScanner - Scanning for api listing references
11:27:33.930 [main] INFO  springfox.documentation.spring.web.readers.operation.CachingOperationNameGenerator - Generating unique operation named: wrongUsingGET_1
11:27:34.017 [main] INFO  springfox.documentation.spring.web.readers.operation.CachingOperationNameGenerator - Generating unique operation named: getOrderUsingGET_1
11:27:34.032 [main] INFO  springfox.documentation.spring.web.readers.operation.CachingOperationNameGenerator - Generating unique operation named: testCelueUsingPOST_1
11:27:34.049 [main] INFO  springfox.documentation.spring.web.readers.operation.CachingOperationNameGenerator - Generating unique operation named: addNumUsingGET_1
11:27:34.049 [main] INFO  springfox.documentation.spring.web.readers.operation.CachingOperationNameGenerator - Generating unique operation named: addNumUsingHEAD_1
11:27:34.050 [main] INFO  springfox.documentation.spring.web.readers.operation.CachingOperationNameGenerator - Generating unique operation named: addNumUsingPOST_1
11:27:34.051 [main] INFO  springfox.documentation.spring.web.readers.operation.CachingOperationNameGenerator - Generating unique operation named: addNumUsingPUT_1
11:27:34.051 [main] INFO  springfox.documentation.spring.web.readers.operation.CachingOperationNameGenerator - Generating unique operation named: addNumUsingPATCH_1
11:27:34.052 [main] INFO  springfox.documentation.spring.web.readers.operation.CachingOperationNameGenerator - Generating unique operation named: addNumUsingDELETE_1
11:27:34.053 [main] INFO  springfox.documentation.spring.web.readers.operation.CachingOperationNameGenerator - Generating unique operation named: addNumUsingOPTIONS_1
11:27:34.053 [main] INFO  springfox.documentation.spring.web.readers.operation.CachingOperationNameGenerator - Generating unique operation named: addNumUsingTRACE_1
11:27:34.054 [main] INFO  springfox.documentation.spring.web.readers.operation.CachingOperationNameGenerator - Generating unique operation named: addNumUsingGET_2
11:27:34.055 [main] INFO  springfox.documentation.spring.web.readers.operation.CachingOperationNameGenerator - Generating unique operation named: addNumUsingHEAD_2
11:27:34.055 [main] INFO  springfox.documentation.spring.web.readers.operation.CachingOperationNameGenerator - Generating unique operation named: addNumUsingPOST_2
11:27:34.055 [main] INFO  springfox.documentation.spring.web.readers.operation.CachingOperationNameGenerator - Generating unique operation named: addNumUsingPUT_2
11:27:34.056 [main] INFO  springfox.documentation.spring.web.readers.operation.CachingOperationNameGenerator - Generating unique operation named: addNumUsingPATCH_2
11:27:34.056 [main] INFO  springfox.documentation.spring.web.readers.operation.CachingOperationNameGenerator - Generating unique operation named: addNumUsingDELETE_2
11:27:34.057 [main] INFO  springfox.documentation.spring.web.readers.operation.CachingOperationNameGenerator - Generating unique operation named: addNumUsingOPTIONS_2
11:27:34.057 [main] INFO  springfox.documentation.spring.web.readers.operation.CachingOperationNameGenerator - Generating unique operation named: addNumUsingTRACE_2
11:27:34.067 [main] INFO  springfox.documentation.spring.web.readers.operation.CachingOperationNameGenerator - Generating unique operation named: testReadUsingGET_1
11:27:34.068 [main] INFO  springfox.documentation.spring.web.readers.operation.CachingOperationNameGenerator - Generating unique operation named: testWriteUsingGET_1
11:27:34.069 [main] INFO  springfox.documentation.spring.web.readers.operation.CachingOperationNameGenerator - Generating unique operation named: wrongUsingGET_2
11:27:34.114 [main] INFO  springfox.documentation.spring.web.readers.operation.CachingOperationNameGenerator - Generating unique operation named: druidStatUsingGET_1
11:27:34.123 [main] INFO  springfox.documentation.spring.web.readers.operation.CachingOperationNameGenerator - Generating unique operation named: getAllUsingGET_1
11:27:34.155 [main] INFO  springfox.documentation.spring.web.readers.operation.CachingOperationNameGenerator - Generating unique operation named: onlineUsingGET_1
11:27:34.175 [main] INFO  springfox.documentation.spring.web.readers.operation.CachingOperationNameGenerator - Generating unique operation named: welcomeUsingPOST_1
11:27:34.225 [main] INFO  org.apache.coyote.http11.Http11NioProtocol - Starting ProtocolHandler ["http-nio-8081"]
11:27:34.285 [main] INFO  com.alibaba.cloud.nacos.registry.NacosServiceRegistry - nacos registry, DEFAULT_GROUP springBoot-8081 192.168.168.1:8081 register finished
11:27:36.554 [main] INFO  com.wy.demo.DemoApplication - Started DemoApplication in 29.571 seconds (JVM running for 33.07)
11:27:38.019 [RMI TCP Connection(4)-192.168.152.1] INFO  org.apache.catalina.core.ContainerBase.[Tomcat].[localhost].[/] - Initializing Spring DispatcherServlet 'dispatcherServlet'
11:30:29.519 [http-nio-8081-exec-1] INFO  com.wy.demo.aop.WebLogAspect - 
 ======= aop start requestId:1674963029518
11:30:29.567 [http-nio-8081-exec-1] INFO  com.wy.demo.Redis.RedisUtils - 分布式锁加锁结果---K:customerId,V:5441c30b-d5a8-47d8-a5e8-4936493c2427,r:true
11:30:29.796 [http-nio-8081-exec-1] INFO  com.wy.demo.mybatiesInterceptor4.SqlCostInterceptor - execute sql method:com.wy.demo.mybatis.mappers.SortCourseMapper.findSortCourse
11:30:29.796 [http-nio-8081-exec-1] INFO  com.wy.demo.mybatiesInterceptor4.SqlCostInterceptor - execute sql:select * from t_sortcourse where cat_id is not null 
11:30:29.796 [http-nio-8081-exec-1] INFO  com.wy.demo.mybatiesInterceptor4.SqlCostInterceptor - execute sql cost:7ms
11:30:30.003 [http-nio-8081-exec-1] INFO  com.wy.demo.Redis.RedisUtils - 分布式锁解锁结果---K:customerId，v:5441c30b-d5a8-47d8-a5e8-4936493c2427,r:1
11:30:30.102 [http-nio-8081-exec-1] INFO  com.wy.demo.aop.WebLogAspect - 
 ==== requset and response  request_id:1674963029518=====
 request_url  :/findCourse
 http_method  :GET
 class_methodname  :Result com.wy.demo.controller.RedisController.getOrder(User)
 request_ip  :ip
 descrpition  :486ms
 request_param  :[null]
 response_result  :{"code":1,"message":"成功","data":[{"catId":1,"catName":"慕**网","catPid":0,"catLevel":0,"catDeleted":"false"},{"catId":2,"catName":"慕**课","catPid":1,"catLevel":1,"catDeleted":"false"},{"catId":3,"catName":"体****a","catPid":2,"catLevel":2,"catDeleted":"false"},{"catId":11,"catName":"极*客","catPid":0,"catLevel":0,"catDeleted":"false"},{"catId":21,"catName":"专*栏","catPid":11,"catLevel":1,"catDeleted":"false"},{"catId":31,"catName":"m*****会","catPid":21,"catLevel":2,"catDeleted":"false"},{"catId":32,"catName":"设****1","catPid":21,"catLevel":2,"catDeleted":"false"}]}
 ==== aop log end  request_id:1674963029518=================
11:34:19.848 [Thread-37] WARN  com.alibaba.nacos.common.notify.NotifyCenter - [NotifyCenter] Start destroying Publisher
11:34:19.848 [Thread-31] WARN  com.alibaba.nacos.common.http.HttpClientBeanHolder - [HttpClientBeanHolder] Start destroying common HttpClient
11:34:19.849 [Thread-37] WARN  com.alibaba.nacos.common.notify.NotifyCenter - [NotifyCenter] Destruction of the end
11:34:19.850 [Thread-31] WARN  com.alibaba.nacos.common.http.HttpClientBeanHolder - [HttpClientBeanHolder] Destruction of the end
14:33:44.293 [main] INFO  com.wy.demo.DemoApplication - The following profiles are active: ww
14:33:47.958 [main] INFO  org.apache.coyote.http11.Http11NioProtocol - Initializing ProtocolHandler ["http-nio-8081"]
14:33:47.959 [main] INFO  org.apache.catalina.core.StandardService - Starting service [Tomcat]
14:33:47.960 [main] INFO  org.apache.catalina.core.StandardEngine - Starting Servlet engine: [Apache Tomcat/9.0.30]
14:33:48.139 [main] INFO  org.apache.catalina.core.ContainerBase.[Tomcat].[localhost].[/] - Initializing Spring embedded WebApplicationContext
14:33:50.976 [main] INFO  com.wy.demo.mybatis.config.DataSourceConfig - 开始加载mysql druid
14:33:50.994 [main] INFO  com.wy.demo.mybatis.config.DataSourceConfig - mysql的druid加载完成
14:33:51.589 [main] INFO  org.redisson.Version - Redisson 3.17.7
14:33:54.709 [redisson-netty-2-6] INFO  org.redisson.connection.pool.MasterPubSubConnectionPool - 1 connections initialized for localhost/127.0.0.1:6379
14:33:54.786 [redisson-netty-2-20] INFO  org.redisson.connection.pool.MasterConnectionPool - 24 connections initialized for localhost/127.0.0.1:6379
14:33:56.534 [main] INFO  com.alibaba.druid.pool.DruidDataSource - {dataSource-1} inited
14:34:01.341 [main] INFO  com.alibaba.druid.pool.DruidDataSource - {dataSource-1} closing ...
14:34:01.445 [main] INFO  com.alibaba.druid.pool.DruidDataSource - {dataSource-1} closed
14:34:01.458 [main] INFO  org.apache.catalina.core.StandardService - Stopping service [Tomcat]
14:34:01.472 [main] WARN  org.apache.catalina.loader.WebappClassLoaderBase - The web application [ROOT] appears to have started a thread named [nacos.publisher-com.alibaba.nacos.common.notify.SlowEvent] but has failed to stop it. This is very likely to create a memory leak. Stack trace of thread:
 java.lang.Thread.sleep(Native Method)
 com.alibaba.nacos.common.utils.ThreadUtils.sleep(ThreadUtils.java:52)
 com.alibaba.nacos.common.notify.DefaultPublisher.openEventHandler(DefaultPublisher.java:108)
 com.alibaba.nacos.common.notify.DefaultPublisher.run(DefaultPublisher.java:94)
14:34:01.474 [main] WARN  org.apache.catalina.loader.WebappClassLoaderBase - The web application [ROOT] appears to have started a thread named [nacos.publisher-com.alibaba.nacos.client.naming.event.InstancesChangeEvent] but has failed to stop it. This is very likely to create a memory leak. Stack trace of thread:
 sun.misc.Unsafe.park(Native Method)
 java.util.concurrent.locks.LockSupport.park(LockSupport.java:175)
 java.util.concurrent.locks.AbstractQueuedSynchronizer$ConditionObject.await(AbstractQueuedSynchronizer.java:2039)
 java.util.concurrent.ArrayBlockingQueue.take(ArrayBlockingQueue.java:403)
 com.alibaba.nacos.common.notify.DefaultPublisher.openEventHandler(DefaultPublisher.java:116)
 com.alibaba.nacos.common.notify.DefaultPublisher.run(DefaultPublisher.java:94)
14:34:01.476 [main] WARN  org.apache.catalina.loader.WebappClassLoaderBase - The web application [ROOT] appears to have started a thread named [Thread-40] but has failed to stop it. This is very likely to create a memory leak. Stack trace of thread:
 sun.net.dns.ResolverConfigurationImpl.notifyAddrChange0(Native Method)
 sun.net.dns.ResolverConfigurationImpl$AddressChangeListener.run(ResolverConfigurationImpl.java:144)
14:34:01.981 [Thread-37] WARN  com.alibaba.nacos.common.notify.NotifyCenter - [NotifyCenter] Start destroying Publisher
14:34:01.981 [Thread-31] WARN  com.alibaba.nacos.common.http.HttpClientBeanHolder - [HttpClientBeanHolder] Start destroying common HttpClient
14:34:01.982 [Thread-37] WARN  com.alibaba.nacos.common.notify.NotifyCenter - [NotifyCenter] Destruction of the end
14:34:01.983 [Thread-31] WARN  com.alibaba.nacos.common.http.HttpClientBeanHolder - [HttpClientBeanHolder] Destruction of the end
14:34:26.764 [main] INFO  com.wy.demo.DemoApplication - The following profiles are active: ww
14:34:30.395 [main] INFO  org.apache.coyote.http11.Http11NioProtocol - Initializing ProtocolHandler ["http-nio-8081"]
14:34:30.396 [main] INFO  org.apache.catalina.core.StandardService - Starting service [Tomcat]
14:34:30.397 [main] INFO  org.apache.catalina.core.StandardEngine - Starting Servlet engine: [Apache Tomcat/9.0.30]
14:34:30.570 [main] INFO  org.apache.catalina.core.ContainerBase.[Tomcat].[localhost].[/] - Initializing Spring embedded WebApplicationContext
14:34:33.392 [main] INFO  com.wy.demo.mybatis.config.DataSourceConfig - 开始加载mysql druid
14:34:33.411 [main] INFO  com.wy.demo.mybatis.config.DataSourceConfig - mysql的druid加载完成
14:34:34.000 [main] INFO  org.redisson.Version - Redisson 3.17.7
14:34:36.989 [redisson-netty-2-8] INFO  org.redisson.connection.pool.MasterPubSubConnectionPool - 1 connections initialized for localhost/127.0.0.1:6379
14:34:37.064 [redisson-netty-2-20] INFO  org.redisson.connection.pool.MasterConnectionPool - 24 connections initialized for localhost/127.0.0.1:6379
14:34:38.580 [main] INFO  com.alibaba.druid.pool.DruidDataSource - {dataSource-1} inited
14:34:43.452 [main] INFO  com.alibaba.druid.pool.DruidDataSource - {dataSource-1} closing ...
14:34:43.460 [main] INFO  com.alibaba.druid.pool.DruidDataSource - {dataSource-1} closed
14:34:43.467 [main] INFO  org.apache.catalina.core.StandardService - Stopping service [Tomcat]
14:34:43.473 [main] WARN  org.apache.catalina.loader.WebappClassLoaderBase - The web application [ROOT] appears to have started a thread named [nacos.publisher-com.alibaba.nacos.common.notify.SlowEvent] but has failed to stop it. This is very likely to create a memory leak. Stack trace of thread:
 java.lang.Thread.sleep(Native Method)
 com.alibaba.nacos.common.utils.ThreadUtils.sleep(ThreadUtils.java:52)
 com.alibaba.nacos.common.notify.DefaultPublisher.openEventHandler(DefaultPublisher.java:108)
 com.alibaba.nacos.common.notify.DefaultPublisher.run(DefaultPublisher.java:94)
14:34:43.474 [main] WARN  org.apache.catalina.loader.WebappClassLoaderBase - The web application [ROOT] appears to have started a thread named [nacos.publisher-com.alibaba.nacos.client.naming.event.InstancesChangeEvent] but has failed to stop it. This is very likely to create a memory leak. Stack trace of thread:
 sun.misc.Unsafe.park(Native Method)
 java.util.concurrent.locks.LockSupport.park(LockSupport.java:175)
 java.util.concurrent.locks.AbstractQueuedSynchronizer$ConditionObject.await(AbstractQueuedSynchronizer.java:2039)
 java.util.concurrent.ArrayBlockingQueue.take(ArrayBlockingQueue.java:403)
 com.alibaba.nacos.common.notify.DefaultPublisher.openEventHandler(DefaultPublisher.java:116)
 com.alibaba.nacos.common.notify.DefaultPublisher.run(DefaultPublisher.java:94)
14:34:43.475 [main] WARN  org.apache.catalina.loader.WebappClassLoaderBase - The web application [ROOT] appears to have started a thread named [Thread-40] but has failed to stop it. This is very likely to create a memory leak. Stack trace of thread:
 sun.net.dns.ResolverConfigurationImpl.notifyAddrChange0(Native Method)
 sun.net.dns.ResolverConfigurationImpl$AddressChangeListener.run(ResolverConfigurationImpl.java:144)
14:34:44.452 [Thread-31] WARN  com.alibaba.nacos.common.http.HttpClientBeanHolder - [HttpClientBeanHolder] Start destroying common HttpClient
14:34:44.452 [Thread-37] WARN  com.alibaba.nacos.common.notify.NotifyCenter - [NotifyCenter] Start destroying Publisher
14:34:44.455 [Thread-37] WARN  com.alibaba.nacos.common.notify.NotifyCenter - [NotifyCenter] Destruction of the end
14:34:44.457 [Thread-31] WARN  com.alibaba.nacos.common.http.HttpClientBeanHolder - [HttpClientBeanHolder] Destruction of the end
14:36:27.242 [main] INFO  com.wy.demo.DemoApplication - The following profiles are active: ww
14:36:30.855 [main] INFO  org.apache.coyote.http11.Http11NioProtocol - Initializing ProtocolHandler ["http-nio-8081"]
14:36:30.858 [main] INFO  org.apache.catalina.core.StandardService - Starting service [Tomcat]
14:36:30.859 [main] INFO  org.apache.catalina.core.StandardEngine - Starting Servlet engine: [Apache Tomcat/9.0.30]
14:36:31.035 [main] INFO  org.apache.catalina.core.ContainerBase.[Tomcat].[localhost].[/] - Initializing Spring embedded WebApplicationContext
14:36:33.916 [main] INFO  com.wy.demo.mybatis.config.DataSourceConfig - 开始加载mysql druid
14:36:33.936 [main] INFO  com.wy.demo.mybatis.config.DataSourceConfig - mysql的druid加载完成
14:36:34.548 [main] INFO  org.redisson.Version - Redisson 3.17.7
14:36:37.662 [redisson-netty-2-8] INFO  org.redisson.connection.pool.MasterPubSubConnectionPool - 1 connections initialized for localhost/127.0.0.1:6379
14:36:37.739 [redisson-netty-2-20] INFO  org.redisson.connection.pool.MasterConnectionPool - 24 connections initialized for localhost/127.0.0.1:6379
14:36:39.271 [main] INFO  com.alibaba.druid.pool.DruidDataSource - {dataSource-1} inited
14:36:41.586 [main] INFO  springfox.documentation.spring.web.PropertySourcedRequestMappingHandlerMapping - Mapped URL path [/v2/api-docs] onto method [springfox.documentation.swagger2.web.Swagger2Controller#getDocumentation(String, HttpServletRequest)]
14:36:41.668 [main] WARN  com.netflix.config.sources.URLConfigurationSource - No URLs will be polled as dynamic configuration sources.
14:36:41.669 [main] INFO  com.netflix.config.sources.URLConfigurationSource - To enable URLs as dynamic configuration sources, define System property archaius.configurationSource.additionalUrls or make config.properties available on classpath.
14:36:41.676 [main] WARN  com.netflix.config.sources.URLConfigurationSource - No URLs will be polled as dynamic configuration sources.
14:36:41.676 [main] INFO  com.netflix.config.sources.URLConfigurationSource - To enable URLs as dynamic configuration sources, define System property archaius.configurationSource.additionalUrls or make config.properties available on classpath.
14:36:45.291 [main] INFO  springfox.documentation.spring.web.plugins.DocumentationPluginsBootstrapper - Context refreshed
14:36:45.311 [main] INFO  springfox.documentation.spring.web.plugins.DocumentationPluginsBootstrapper - Found 1 custom documentation plugin(s)
14:36:45.362 [main] INFO  springfox.documentation.spring.web.scanners.ApiListingReferenceScanner - Scanning for api listing references
14:36:45.558 [main] INFO  springfox.documentation.spring.web.readers.operation.CachingOperationNameGenerator - Generating unique operation named: wrongUsingGET_1
14:36:45.663 [main] INFO  springfox.documentation.spring.web.readers.operation.CachingOperationNameGenerator - Generating unique operation named: getOrderUsingGET_1
14:36:45.674 [main] INFO  springfox.documentation.spring.web.readers.operation.CachingOperationNameGenerator - Generating unique operation named: testCelueUsingPOST_1
14:36:45.692 [main] INFO  springfox.documentation.spring.web.readers.operation.CachingOperationNameGenerator - Generating unique operation named: addNumUsingGET_1
14:36:45.692 [main] INFO  springfox.documentation.spring.web.readers.operation.CachingOperationNameGenerator - Generating unique operation named: addNumUsingHEAD_1
14:36:45.692 [main] INFO  springfox.documentation.spring.web.readers.operation.CachingOperationNameGenerator - Generating unique operation named: addNumUsingPOST_1
14:36:45.693 [main] INFO  springfox.documentation.spring.web.readers.operation.CachingOperationNameGenerator - Generating unique operation named: addNumUsingPUT_1
14:36:45.693 [main] INFO  springfox.documentation.spring.web.readers.operation.CachingOperationNameGenerator - Generating unique operation named: addNumUsingPATCH_1
14:36:45.693 [main] INFO  springfox.documentation.spring.web.readers.operation.CachingOperationNameGenerator - Generating unique operation named: addNumUsingDELETE_1
14:36:45.694 [main] INFO  springfox.documentation.spring.web.readers.operation.CachingOperationNameGenerator - Generating unique operation named: addNumUsingOPTIONS_1
14:36:45.694 [main] INFO  springfox.documentation.spring.web.readers.operation.CachingOperationNameGenerator - Generating unique operation named: addNumUsingTRACE_1
14:36:45.695 [main] INFO  springfox.documentation.spring.web.readers.operation.CachingOperationNameGenerator - Generating unique operation named: addNumUsingGET_2
14:36:45.695 [main] INFO  springfox.documentation.spring.web.readers.operation.CachingOperationNameGenerator - Generating unique operation named: addNumUsingHEAD_2
14:36:45.696 [main] INFO  springfox.documentation.spring.web.readers.operation.CachingOperationNameGenerator - Generating unique operation named: addNumUsingPOST_2
14:36:45.696 [main] INFO  springfox.documentation.spring.web.readers.operation.CachingOperationNameGenerator - Generating unique operation named: addNumUsingPUT_2
14:36:45.696 [main] INFO  springfox.documentation.spring.web.readers.operation.CachingOperationNameGenerator - Generating unique operation named: addNumUsingPATCH_2
14:36:45.697 [main] INFO  springfox.documentation.spring.web.readers.operation.CachingOperationNameGenerator - Generating unique operation named: addNumUsingDELETE_2
14:36:45.697 [main] INFO  springfox.documentation.spring.web.readers.operation.CachingOperationNameGenerator - Generating unique operation named: addNumUsingOPTIONS_2
14:36:45.697 [main] INFO  springfox.documentation.spring.web.readers.operation.CachingOperationNameGenerator - Generating unique operation named: addNumUsingTRACE_2
14:36:45.705 [main] INFO  springfox.documentation.spring.web.readers.operation.CachingOperationNameGenerator - Generating unique operation named: testReadUsingGET_1
14:36:45.706 [main] INFO  springfox.documentation.spring.web.readers.operation.CachingOperationNameGenerator - Generating unique operation named: testWriteUsingGET_1
14:36:45.708 [main] INFO  springfox.documentation.spring.web.readers.operation.CachingOperationNameGenerator - Generating unique operation named: wrongUsingGET_2
14:36:45.751 [main] INFO  springfox.documentation.spring.web.readers.operation.CachingOperationNameGenerator - Generating unique operation named: druidStatUsingGET_1
14:36:45.761 [main] INFO  springfox.documentation.spring.web.readers.operation.CachingOperationNameGenerator - Generating unique operation named: getAllUsingGET_1
14:36:45.791 [main] INFO  springfox.documentation.spring.web.readers.operation.CachingOperationNameGenerator - Generating unique operation named: onlineUsingGET_1
14:36:45.796 [main] INFO  springfox.documentation.spring.web.readers.operation.CachingOperationNameGenerator - Generating unique operation named: testUsingGET_1
14:36:45.797 [main] INFO  springfox.documentation.spring.web.readers.operation.CachingOperationNameGenerator - Generating unique operation named: testUsingHEAD_1
14:36:45.797 [main] INFO  springfox.documentation.spring.web.readers.operation.CachingOperationNameGenerator - Generating unique operation named: testUsingPOST_1
14:36:45.797 [main] INFO  springfox.documentation.spring.web.readers.operation.CachingOperationNameGenerator - Generating unique operation named: testUsingPUT_1
14:36:45.798 [main] INFO  springfox.documentation.spring.web.readers.operation.CachingOperationNameGenerator - Generating unique operation named: testUsingPATCH_1
14:36:45.799 [main] INFO  springfox.documentation.spring.web.readers.operation.CachingOperationNameGenerator - Generating unique operation named: testUsingDELETE_1
14:36:45.799 [main] INFO  springfox.documentation.spring.web.readers.operation.CachingOperationNameGenerator - Generating unique operation named: testUsingOPTIONS_1
14:36:45.800 [main] INFO  springfox.documentation.spring.web.readers.operation.CachingOperationNameGenerator - Generating unique operation named: testUsingTRACE_1
14:36:45.818 [main] INFO  springfox.documentation.spring.web.readers.operation.CachingOperationNameGenerator - Generating unique operation named: welcomeUsingPOST_1
14:36:45.864 [main] INFO  org.apache.coyote.http11.Http11NioProtocol - Starting ProtocolHandler ["http-nio-8081"]
14:36:45.909 [main] INFO  com.alibaba.cloud.nacos.registry.NacosServiceRegistry - nacos registry, DEFAULT_GROUP springBoot-8081 192.168.168.1:8081 register finished
14:36:48.188 [main] INFO  com.wy.demo.DemoApplication - Started DemoApplication in 26.571 seconds (JVM running for 30.177)
14:36:49.684 [RMI TCP Connection(1)-192.168.152.1] INFO  org.apache.catalina.core.ContainerBase.[Tomcat].[localhost].[/] - Initializing Spring DispatcherServlet 'dispatcherServlet'
14:39:20.002 [http-nio-8081-exec-1] INFO  com.wy.demo.aop.WebLogAspect - 
 ======= aop start requestId:1674974360002
14:39:20.027 [http-nio-8081-exec-1] INFO  com.wy.demo.Redis.RedisUtils - 分布式锁加锁结果---K:customerId,V:a0ac00d1-57eb-4fca-a534-4119867c2ba5,r:true
14:39:20.088 [http-nio-8081-exec-1] INFO  com.wy.demo.mybatiesInterceptor4.SqlCostInterceptor - execute sql method:com.wy.demo.mybatis.mappers.SortCourseMapper.findSortCourse
14:39:20.088 [http-nio-8081-exec-1] INFO  com.wy.demo.mybatiesInterceptor4.SqlCostInterceptor - execute sql:select * from t_sortcourse where cat_id is not null 
14:39:20.088 [http-nio-8081-exec-1] INFO  com.wy.demo.mybatiesInterceptor4.SqlCostInterceptor - execute sql cost:5ms
14:39:20.328 [http-nio-8081-exec-1] INFO  com.wy.demo.Redis.RedisUtils - 分布式锁解锁结果---K:customerId，v:a0ac00d1-57eb-4fca-a534-4119867c2ba5,r:1
14:39:20.358 [http-nio-8081-exec-1] INFO  com.wy.demo.aop.WebLogAspect - 
 ==== requset and response  request_id:1674974360002=====
 request_url  :/findCourse
 http_method  :GET
 class_methodname  :Result com.wy.demo.controller.RedisController.getOrder(User)
 request_ip  :ip
 descrpition  :325ms
 request_param  :[null]
 response_result  :{"code":1,"message":"成功","data":[{"catId":1,"catName":"慕**网","catPid":0,"catLevel":0,"catDeleted":"false"},{"catId":2,"catName":"慕**课","catPid":1,"catLevel":1,"catDeleted":"false"},{"catId":3,"catName":"体****a","catPid":2,"catLevel":2,"catDeleted":"false"},{"catId":11,"catName":"极*客","catPid":0,"catLevel":0,"catDeleted":"false"},{"catId":21,"catName":"专*栏","catPid":11,"catLevel":1,"catDeleted":"false"},{"catId":31,"catName":"m*****会","catPid":21,"catLevel":2,"catDeleted":"false"},{"catId":32,"catName":"设****1","catPid":21,"catLevel":2,"catDeleted":"false"}]}
 ==== aop log end  request_id:1674974360002=================
14:39:24.430 [http-nio-8081-exec-2] INFO  com.wy.demo.aop.WebLogAspect - 
 ======= aop start requestId:1674974364429
14:39:24.492 [http-nio-8081-exec-2] INFO  com.wy.demo.aop.WebLogAspect - 
 ==== requset and response  request_id:1674974364429=====
 request_url  :/testThreadPoolExecutor
 http_method  :GET
 class_methodname  :HealthManageResult com.wy.demo.controller.welcomeController.test()
 request_ip  :ip
 descrpition  :58ms
 request_param  :[]
 response_result  :{"ret":"0","msg":"成功","sysTime":"2023-01-29 14:39:24","data":[{"name":"1","age":"1","cardNo":"1","cardNo1":"1"},{"name":"2","age":"2","cardNo":"2","cardNo1":"2"}],"sucess":true}
 ==== aop log end  request_id:1674974364429=================
14:41:21.044 [http-nio-8081-exec-5] INFO  com.wy.demo.aop.WebLogAspect - 
 ======= aop start requestId:1674974481042
14:41:21.063 [http-nio-8081-exec-5] INFO  com.wy.demo.aop.WebLogAspect - 
 ==== requset and response  request_id:1674974481042=====
 request_url  :/testThreadPoolExecutor
 http_method  :GET
 class_methodname  :HealthManageResult com.wy.demo.controller.welcomeController.test()
 request_ip  :ip
 descrpition  :20ms
 request_param  :[]
 response_result  :{"ret":"0","msg":"成功","sysTime":"2023-01-29 14:41:21","data":[{"name":"1","age":"1","cardNo":"1","cardNo1":"1"},{"name":"2","age":"2","cardNo":"2","cardNo1":"2"}],"sucess":true}
 ==== aop log end  request_id:1674974481042=================
14:41:23.003 [http-nio-8081-exec-1] INFO  com.wy.demo.aop.WebLogAspect - 
 ======= aop start requestId:1674974483003
14:41:23.006 [http-nio-8081-exec-1] INFO  com.wy.demo.aop.WebLogAspect - 
 ==== requset and response  request_id:1674974483003=====
 request_url  :/testThreadPoolExecutor
 http_method  :GET
 class_methodname  :HealthManageResult com.wy.demo.controller.welcomeController.test()
 request_ip  :ip
 descrpition  :3ms
 request_param  :[]
 response_result  :{"ret":"0","msg":"成功","sysTime":"2023-01-29 14:41:23","data":[{"name":"1","age":"1","cardNo":"1","cardNo1":"1"},{"name":"2","age":"2","cardNo":"2","cardNo1":"2"}],"sucess":true}
 ==== aop log end  request_id:1674974483003=================
14:41:23.613 [http-nio-8081-exec-2] INFO  com.wy.demo.aop.WebLogAspect - 
 ======= aop start requestId:1674974483612
14:41:23.617 [http-nio-8081-exec-2] INFO  com.wy.demo.aop.WebLogAspect - 
 ==== requset and response  request_id:1674974483612=====
 request_url  :/testThreadPoolExecutor
 http_method  :GET
 class_methodname  :HealthManageResult com.wy.demo.controller.welcomeController.test()
 request_ip  :ip
 descrpition  :4ms
 request_param  :[]
 response_result  :{"ret":"0","msg":"成功","sysTime":"2023-01-29 14:41:23","data":[{"name":"1","age":"1","cardNo":"1","cardNo1":"1"},{"name":"2","age":"2","cardNo":"2","cardNo1":"2"}],"sucess":true}
 ==== aop log end  request_id:1674974483612=================
15:07:33.427 [http-nio-8081-exec-2] INFO  com.wy.demo.aop.WebLogAspect - 
 ======= aop start requestId:1674976053426
15:07:35.920 [http-nio-8081-exec-2] ERROR com.wy.demo.aop.WebLogAspect - com.wy.demo.Exception.ServiceException: 失败，请填写正确age!失败，名字不能为空!失败，请填写age!
com.wy.demo.Exception.ServiceException: 失败，请填写正确age!失败，名字不能为空!失败，请填写age!
	at com.wy.demo.validGroup.ValidatorUtil.validateEntity(ValidatorUtil.java:32) ~[classes/:?]
	at com.wy.demo.validGroup.ValidatedTestController.exam(ValidatedTestController.java:36) ~[classes/:?]
	at com.wy.demo.validGroup.ValidatedTestController$$FastClassBySpringCGLIB$$c613f9bd.invoke(<generated>) ~[classes/:?]
	at org.springframework.cglib.proxy.MethodProxy.invoke(MethodProxy.java:218) ~[spring-core-5.2.3.RELEASE.jar:5.2.3.RELEASE]
	at org.springframework.aop.framework.CglibAopProxy$CglibMethodInvocation.invokeJoinpoint(CglibAopProxy.java:769) ~[spring-aop-5.2.3.RELEASE.jar:5.2.3.RELEASE]
	at org.springframework.aop.framework.ReflectiveMethodInvocation.proceed(ReflectiveMethodInvocation.java:163) ~[spring-aop-5.2.3.RELEASE.jar:5.2.3.RELEASE]
	at org.springframework.aop.framework.CglibAopProxy$CglibMethodInvocation.proceed(CglibAopProxy.java:747) ~[spring-aop-5.2.3.RELEASE.jar:5.2.3.RELEASE]
	at org.springframework.aop.aspectj.MethodInvocationProceedingJoinPoint.proceed(MethodInvocationProceedingJoinPoint.java:88) ~[spring-aop-5.2.3.RELEASE.jar:5.2.3.RELEASE]
	at com.wy.demo.aop.WebLogAspect.around(WebLogAspect.java:35) [classes/:?]
	at sun.reflect.NativeMethodAccessorImpl.invoke0(Native Method) ~[?:1.8.0_221]
	at sun.reflect.NativeMethodAccessorImpl.invoke(NativeMethodAccessorImpl.java:62) ~[?:1.8.0_221]
	at sun.reflect.DelegatingMethodAccessorImpl.invoke(DelegatingMethodAccessorImpl.java:43) ~[?:1.8.0_221]
	at java.lang.reflect.Method.invoke(Method.java:498) ~[?:1.8.0_221]
	at org.springframework.aop.aspectj.AbstractAspectJAdvice.invokeAdviceMethodWithGivenArgs(AbstractAspectJAdvice.java:644) [spring-aop-5.2.3.RELEASE.jar:5.2.3.RELEASE]
	at org.springframework.aop.aspectj.AbstractAspectJAdvice.invokeAdviceMethod(AbstractAspectJAdvice.java:633) [spring-aop-5.2.3.RELEASE.jar:5.2.3.RELEASE]
	at org.springframework.aop.aspectj.AspectJAroundAdvice.invoke(AspectJAroundAdvice.java:70) [spring-aop-5.2.3.RELEASE.jar:5.2.3.RELEASE]
	at org.springframework.aop.framework.ReflectiveMethodInvocation.proceed(ReflectiveMethodInvocation.java:186) [spring-aop-5.2.3.RELEASE.jar:5.2.3.RELEASE]
	at org.springframework.aop.framework.CglibAopProxy$CglibMethodInvocation.proceed(CglibAopProxy.java:747) [spring-aop-5.2.3.RELEASE.jar:5.2.3.RELEASE]
	at org.springframework.aop.interceptor.ExposeInvocationInterceptor.invoke(ExposeInvocationInterceptor.java:95) [spring-aop-5.2.3.RELEASE.jar:5.2.3.RELEASE]
	at org.springframework.aop.framework.ReflectiveMethodInvocation.proceed(ReflectiveMethodInvocation.java:186) [spring-aop-5.2.3.RELEASE.jar:5.2.3.RELEASE]
	at org.springframework.aop.framework.CglibAopProxy$CglibMethodInvocation.proceed(CglibAopProxy.java:747) [spring-aop-5.2.3.RELEASE.jar:5.2.3.RELEASE]
	at org.springframework.aop.framework.CglibAopProxy$DynamicAdvisedInterceptor.intercept(CglibAopProxy.java:689) [spring-aop-5.2.3.RELEASE.jar:5.2.3.RELEASE]
	at com.wy.demo.validGroup.ValidatedTestController$$EnhancerBySpringCGLIB$$d596b097.exam(<generated>) [classes/:?]
	at sun.reflect.NativeMethodAccessorImpl.invoke0(Native Method) ~[?:1.8.0_221]
	at sun.reflect.NativeMethodAccessorImpl.invoke(NativeMethodAccessorImpl.java:62) ~[?:1.8.0_221]
	at sun.reflect.DelegatingMethodAccessorImpl.invoke(DelegatingMethodAccessorImpl.java:43) ~[?:1.8.0_221]
	at java.lang.reflect.Method.invoke(Method.java:498) ~[?:1.8.0_221]
	at org.springframework.web.method.support.InvocableHandlerMethod.doInvoke(InvocableHandlerMethod.java:190) [spring-web-5.2.3.RELEASE.jar:5.2.3.RELEASE]
	at org.springframework.web.method.support.InvocableHandlerMethod.invokeForRequest(InvocableHandlerMethod.java:138) [spring-web-5.2.3.RELEASE.jar:5.2.3.RELEASE]
	at org.springframework.web.servlet.mvc.method.annotation.ServletInvocableHandlerMethod.invokeAndHandle(ServletInvocableHandlerMethod.java:106) [spring-webmvc-5.2.3.RELEASE.jar:5.2.3.RELEASE]
	at org.springframework.web.servlet.mvc.method.annotation.RequestMappingHandlerAdapter.invokeHandlerMethod(RequestMappingHandlerAdapter.java:888) [spring-webmvc-5.2.3.RELEASE.jar:5.2.3.RELEASE]
	at org.springframework.web.servlet.mvc.method.annotation.RequestMappingHandlerAdapter.handleInternal(RequestMappingHandlerAdapter.java:793) [spring-webmvc-5.2.3.RELEASE.jar:5.2.3.RELEASE]
	at org.springframework.web.servlet.mvc.method.AbstractHandlerMethodAdapter.handle(AbstractHandlerMethodAdapter.java:87) [spring-webmvc-5.2.3.RELEASE.jar:5.2.3.RELEASE]
	at org.springframework.web.servlet.DispatcherServlet.doDispatch(DispatcherServlet.java:1040) [spring-webmvc-5.2.3.RELEASE.jar:5.2.3.RELEASE]
	at org.springframework.web.servlet.DispatcherServlet.doService(DispatcherServlet.java:943) [spring-webmvc-5.2.3.RELEASE.jar:5.2.3.RELEASE]
	at org.springframework.web.servlet.FrameworkServlet.processRequest(FrameworkServlet.java:1006) [spring-webmvc-5.2.3.RELEASE.jar:5.2.3.RELEASE]
	at org.springframework.web.servlet.FrameworkServlet.doPost(FrameworkServlet.java:909) [spring-webmvc-5.2.3.RELEASE.jar:5.2.3.RELEASE]
	at javax.servlet.http.HttpServlet.service(HttpServlet.java:660) [tomcat-embed-core-9.0.30.jar:9.0.30]
	at org.springframework.web.servlet.FrameworkServlet.service(FrameworkServlet.java:883) [spring-webmvc-5.2.3.RELEASE.jar:5.2.3.RELEASE]
	at javax.servlet.http.HttpServlet.service(HttpServlet.java:741) [tomcat-embed-core-9.0.30.jar:9.0.30]
	at org.apache.catalina.core.ApplicationFilterChain.internalDoFilter(ApplicationFilterChain.java:231) [tomcat-embed-core-9.0.30.jar:9.0.30]
	at org.apache.catalina.core.ApplicationFilterChain.doFilter(ApplicationFilterChain.java:166) [tomcat-embed-core-9.0.30.jar:9.0.30]
	at org.apache.tomcat.websocket.server.WsFilter.doFilter(WsFilter.java:53) [tomcat-embed-websocket-9.0.30.jar:9.0.30]
	at org.apache.catalina.core.ApplicationFilterChain.internalDoFilter(ApplicationFilterChain.java:193) [tomcat-embed-core-9.0.30.jar:9.0.30]
	at org.apache.catalina.core.ApplicationFilterChain.doFilter(ApplicationFilterChain.java:166) [tomcat-embed-core-9.0.30.jar:9.0.30]
	at com.github.xiaoymin.swaggerbootstrapui.filter.SecurityBasicAuthFilter.doFilter(SecurityBasicAuthFilter.java:84) [swagger-bootstrap-ui-1.9.3.jar:?]
	at org.apache.catalina.core.ApplicationFilterChain.internalDoFilter(ApplicationFilterChain.java:193) [tomcat-embed-core-9.0.30.jar:9.0.30]
	at org.apache.catalina.core.ApplicationFilterChain.doFilter(ApplicationFilterChain.java:166) [tomcat-embed-core-9.0.30.jar:9.0.30]
	at com.github.xiaoymin.swaggerbootstrapui.filter.ProductionSecurityFilter.doFilter(ProductionSecurityFilter.java:53) [swagger-bootstrap-ui-1.9.3.jar:?]
	at org.apache.catalina.core.ApplicationFilterChain.internalDoFilter(ApplicationFilterChain.java:193) [tomcat-embed-core-9.0.30.jar:9.0.30]
	at org.apache.catalina.core.ApplicationFilterChain.doFilter(ApplicationFilterChain.java:166) [tomcat-embed-core-9.0.30.jar:9.0.30]
	at com.alibaba.druid.support.http.WebStatFilter.doFilter(WebStatFilter.java:124) [druid-1.1.23.jar:1.1.23]
	at org.apache.catalina.core.ApplicationFilterChain.internalDoFilter(ApplicationFilterChain.java:193) [tomcat-embed-core-9.0.30.jar:9.0.30]
	at org.apache.catalina.core.ApplicationFilterChain.doFilter(ApplicationFilterChain.java:166) [tomcat-embed-core-9.0.30.jar:9.0.30]
	at org.springframework.web.filter.RequestContextFilter.doFilterInternal(RequestContextFilter.java:100) [spring-web-5.2.3.RELEASE.jar:5.2.3.RELEASE]
	at org.springframework.web.filter.OncePerRequestFilter.doFilter(OncePerRequestFilter.java:119) [spring-web-5.2.3.RELEASE.jar:5.2.3.RELEASE]
	at org.apache.catalina.core.ApplicationFilterChain.internalDoFilter(ApplicationFilterChain.java:193) [tomcat-embed-core-9.0.30.jar:9.0.30]
	at org.apache.catalina.core.ApplicationFilterChain.doFilter(ApplicationFilterChain.java:166) [tomcat-embed-core-9.0.30.jar:9.0.30]
	at org.springframework.web.filter.FormContentFilter.doFilterInternal(FormContentFilter.java:93) [spring-web-5.2.3.RELEASE.jar:5.2.3.RELEASE]
	at org.springframework.web.filter.OncePerRequestFilter.doFilter(OncePerRequestFilter.java:119) [spring-web-5.2.3.RELEASE.jar:5.2.3.RELEASE]
	at org.apache.catalina.core.ApplicationFilterChain.internalDoFilter(ApplicationFilterChain.java:193) [tomcat-embed-core-9.0.30.jar:9.0.30]
	at org.apache.catalina.core.ApplicationFilterChain.doFilter(ApplicationFilterChain.java:166) [tomcat-embed-core-9.0.30.jar:9.0.30]
	at org.springframework.boot.actuate.metrics.web.servlet.WebMvcMetricsFilter.doFilterInternal(WebMvcMetricsFilter.java:108) [spring-boot-actuator-2.2.4.RELEASE.jar:2.2.4.RELEASE]
	at org.springframework.web.filter.OncePerRequestFilter.doFilter(OncePerRequestFilter.java:119) [spring-web-5.2.3.RELEASE.jar:5.2.3.RELEASE]
	at org.apache.catalina.core.ApplicationFilterChain.internalDoFilter(ApplicationFilterChain.java:193) [tomcat-embed-core-9.0.30.jar:9.0.30]
	at org.apache.catalina.core.ApplicationFilterChain.doFilter(ApplicationFilterChain.java:166) [tomcat-embed-core-9.0.30.jar:9.0.30]
	at org.springframework.web.filter.CharacterEncodingFilter.doFilterInternal(CharacterEncodingFilter.java:201) [spring-web-5.2.3.RELEASE.jar:5.2.3.RELEASE]
	at org.springframework.web.filter.OncePerRequestFilter.doFilter(OncePerRequestFilter.java:119) [spring-web-5.2.3.RELEASE.jar:5.2.3.RELEASE]
	at org.apache.catalina.core.ApplicationFilterChain.internalDoFilter(ApplicationFilterChain.java:193) [tomcat-embed-core-9.0.30.jar:9.0.30]
	at org.apache.catalina.core.ApplicationFilterChain.doFilter(ApplicationFilterChain.java:166) [tomcat-embed-core-9.0.30.jar:9.0.30]
	at org.apache.catalina.core.StandardWrapperValve.invoke(StandardWrapperValve.java:202) [tomcat-embed-core-9.0.30.jar:9.0.30]
	at org.apache.catalina.core.StandardContextValve.invoke(StandardContextValve.java:96) [tomcat-embed-core-9.0.30.jar:9.0.30]
	at org.apache.catalina.authenticator.AuthenticatorBase.invoke(AuthenticatorBase.java:541) [tomcat-embed-core-9.0.30.jar:9.0.30]
	at org.apache.catalina.core.StandardHostValve.invoke(StandardHostValve.java:139) [tomcat-embed-core-9.0.30.jar:9.0.30]
	at org.apache.catalina.valves.ErrorReportValve.invoke(ErrorReportValve.java:92) [tomcat-embed-core-9.0.30.jar:9.0.30]
	at org.apache.catalina.core.StandardEngineValve.invoke(StandardEngineValve.java:74) [tomcat-embed-core-9.0.30.jar:9.0.30]
	at org.apache.catalina.connector.CoyoteAdapter.service(CoyoteAdapter.java:343) [tomcat-embed-core-9.0.30.jar:9.0.30]
	at org.apache.coyote.http11.Http11Processor.service(Http11Processor.java:367) [tomcat-embed-core-9.0.30.jar:9.0.30]
	at org.apache.coyote.AbstractProcessorLight.process(AbstractProcessorLight.java:65) [tomcat-embed-core-9.0.30.jar:9.0.30]
	at org.apache.coyote.AbstractProtocol$ConnectionHandler.process(AbstractProtocol.java:860) [tomcat-embed-core-9.0.30.jar:9.0.30]
	at org.apache.tomcat.util.net.NioEndpoint$SocketProcessor.doRun(NioEndpoint.java:1598) [tomcat-embed-core-9.0.30.jar:9.0.30]
	at org.apache.tomcat.util.net.SocketProcessorBase.run(SocketProcessorBase.java:49) [tomcat-embed-core-9.0.30.jar:9.0.30]
	at java.util.concurrent.ThreadPoolExecutor.runWorker(ThreadPoolExecutor.java:1149) [?:1.8.0_221]
	at java.util.concurrent.ThreadPoolExecutor$Worker.run(ThreadPoolExecutor.java:624) [?:1.8.0_221]
	at org.apache.tomcat.util.threads.TaskThread$WrappingRunnable.run(TaskThread.java:61) [tomcat-embed-core-9.0.30.jar:9.0.30]
	at java.lang.Thread.run(Thread.java:748) [?:1.8.0_221]
15:07:36.094 [http-nio-8081-exec-2] INFO  com.wy.demo.aop.WebLogAspect - 
 ==== requset and response  request_id:1674976053426=====
 request_url  :/validated/test/addAll
 http_method  :POST
 class_methodname  :Result com.wy.demo.validGroup.ValidatedTestController.exam(ParamsVo)
 request_ip  :ip
 descrpition  :执行异常！
 request_param  :[{"id":"","name":"","sex":""}]
 response_result  :"com.wy.demo.Exception.ServiceException: 失败，请填写正确age!失败，名字不能为空!失败，请填写age!"
 ==== aop log end  request_id:1674976053426=================
15:07:36.114 [http-nio-8081-exec-2] ERROR org.apache.catalina.core.ContainerBase.[Tomcat].[localhost].[/].[dispatcherServlet] - Servlet.service() for servlet [dispatcherServlet] in context with path [] threw exception [Request processing failed; nested exception is com.wy.demo.Exception.ServiceException: 失败，请填写正确age!失败，名字不能为空!失败，请填写age!] with root cause
com.wy.demo.Exception.ServiceException: 失败，请填写正确age!失败，名字不能为空!失败，请填写age!
	at com.wy.demo.validGroup.ValidatorUtil.validateEntity(ValidatorUtil.java:32) ~[classes/:?]
	at com.wy.demo.validGroup.ValidatedTestController.exam(ValidatedTestController.java:36) ~[classes/:?]
	at com.wy.demo.validGroup.ValidatedTestController$$FastClassBySpringCGLIB$$c613f9bd.invoke(<generated>) ~[classes/:?]
	at org.springframework.cglib.proxy.MethodProxy.invoke(MethodProxy.java:218) ~[spring-core-5.2.3.RELEASE.jar:5.2.3.RELEASE]
	at org.springframework.aop.framework.CglibAopProxy$CglibMethodInvocation.invokeJoinpoint(CglibAopProxy.java:769) ~[spring-aop-5.2.3.RELEASE.jar:5.2.3.RELEASE]
	at org.springframework.aop.framework.ReflectiveMethodInvocation.proceed(ReflectiveMethodInvocation.java:163) ~[spring-aop-5.2.3.RELEASE.jar:5.2.3.RELEASE]
	at org.springframework.aop.framework.CglibAopProxy$CglibMethodInvocation.proceed(CglibAopProxy.java:747) ~[spring-aop-5.2.3.RELEASE.jar:5.2.3.RELEASE]
	at org.springframework.aop.aspectj.MethodInvocationProceedingJoinPoint.proceed(MethodInvocationProceedingJoinPoint.java:88) ~[spring-aop-5.2.3.RELEASE.jar:5.2.3.RELEASE]
	at com.wy.demo.aop.WebLogAspect.around(WebLogAspect.java:35) ~[classes/:?]
	at sun.reflect.NativeMethodAccessorImpl.invoke0(Native Method) ~[?:1.8.0_221]
	at sun.reflect.NativeMethodAccessorImpl.invoke(NativeMethodAccessorImpl.java:62) ~[?:1.8.0_221]
	at sun.reflect.DelegatingMethodAccessorImpl.invoke(DelegatingMethodAccessorImpl.java:43) ~[?:1.8.0_221]
	at java.lang.reflect.Method.invoke(Method.java:498) ~[?:1.8.0_221]
	at org.springframework.aop.aspectj.AbstractAspectJAdvice.invokeAdviceMethodWithGivenArgs(AbstractAspectJAdvice.java:644) ~[spring-aop-5.2.3.RELEASE.jar:5.2.3.RELEASE]
	at org.springframework.aop.aspectj.AbstractAspectJAdvice.invokeAdviceMethod(AbstractAspectJAdvice.java:633) ~[spring-aop-5.2.3.RELEASE.jar:5.2.3.RELEASE]
	at org.springframework.aop.aspectj.AspectJAroundAdvice.invoke(AspectJAroundAdvice.java:70) ~[spring-aop-5.2.3.RELEASE.jar:5.2.3.RELEASE]
	at org.springframework.aop.framework.ReflectiveMethodInvocation.proceed(ReflectiveMethodInvocation.java:186) ~[spring-aop-5.2.3.RELEASE.jar:5.2.3.RELEASE]
	at org.springframework.aop.framework.CglibAopProxy$CglibMethodInvocation.proceed(CglibAopProxy.java:747) ~[spring-aop-5.2.3.RELEASE.jar:5.2.3.RELEASE]
	at org.springframework.aop.interceptor.ExposeInvocationInterceptor.invoke(ExposeInvocationInterceptor.java:95) ~[spring-aop-5.2.3.RELEASE.jar:5.2.3.RELEASE]
	at org.springframework.aop.framework.ReflectiveMethodInvocation.proceed(ReflectiveMethodInvocation.java:186) ~[spring-aop-5.2.3.RELEASE.jar:5.2.3.RELEASE]
	at org.springframework.aop.framework.CglibAopProxy$CglibMethodInvocation.proceed(CglibAopProxy.java:747) ~[spring-aop-5.2.3.RELEASE.jar:5.2.3.RELEASE]
	at org.springframework.aop.framework.CglibAopProxy$DynamicAdvisedInterceptor.intercept(CglibAopProxy.java:689) ~[spring-aop-5.2.3.RELEASE.jar:5.2.3.RELEASE]
	at com.wy.demo.validGroup.ValidatedTestController$$EnhancerBySpringCGLIB$$d596b097.exam(<generated>) ~[classes/:?]
	at sun.reflect.NativeMethodAccessorImpl.invoke0(Native Method) ~[?:1.8.0_221]
	at sun.reflect.NativeMethodAccessorImpl.invoke(NativeMethodAccessorImpl.java:62) ~[?:1.8.0_221]
	at sun.reflect.DelegatingMethodAccessorImpl.invoke(DelegatingMethodAccessorImpl.java:43) ~[?:1.8.0_221]
	at java.lang.reflect.Method.invoke(Method.java:498) ~[?:1.8.0_221]
	at org.springframework.web.method.support.InvocableHandlerMethod.doInvoke(InvocableHandlerMethod.java:190) ~[spring-web-5.2.3.RELEASE.jar:5.2.3.RELEASE]
	at org.springframework.web.method.support.InvocableHandlerMethod.invokeForRequest(InvocableHandlerMethod.java:138) ~[spring-web-5.2.3.RELEASE.jar:5.2.3.RELEASE]
	at org.springframework.web.servlet.mvc.method.annotation.ServletInvocableHandlerMethod.invokeAndHandle(ServletInvocableHandlerMethod.java:106) ~[spring-webmvc-5.2.3.RELEASE.jar:5.2.3.RELEASE]
	at org.springframework.web.servlet.mvc.method.annotation.RequestMappingHandlerAdapter.invokeHandlerMethod(RequestMappingHandlerAdapter.java:888) ~[spring-webmvc-5.2.3.RELEASE.jar:5.2.3.RELEASE]
	at org.springframework.web.servlet.mvc.method.annotation.RequestMappingHandlerAdapter.handleInternal(RequestMappingHandlerAdapter.java:793) ~[spring-webmvc-5.2.3.RELEASE.jar:5.2.3.RELEASE]
	at org.springframework.web.servlet.mvc.method.AbstractHandlerMethodAdapter.handle(AbstractHandlerMethodAdapter.java:87) ~[spring-webmvc-5.2.3.RELEASE.jar:5.2.3.RELEASE]
	at org.springframework.web.servlet.DispatcherServlet.doDispatch(DispatcherServlet.java:1040) ~[spring-webmvc-5.2.3.RELEASE.jar:5.2.3.RELEASE]
	at org.springframework.web.servlet.DispatcherServlet.doService(DispatcherServlet.java:943) ~[spring-webmvc-5.2.3.RELEASE.jar:5.2.3.RELEASE]
	at org.springframework.web.servlet.FrameworkServlet.processRequest(FrameworkServlet.java:1006) ~[spring-webmvc-5.2.3.RELEASE.jar:5.2.3.RELEASE]
	at org.springframework.web.servlet.FrameworkServlet.doPost(FrameworkServlet.java:909) ~[spring-webmvc-5.2.3.RELEASE.jar:5.2.3.RELEASE]
	at javax.servlet.http.HttpServlet.service(HttpServlet.java:660) ~[tomcat-embed-core-9.0.30.jar:9.0.30]
	at org.springframework.web.servlet.FrameworkServlet.service(FrameworkServlet.java:883) ~[spring-webmvc-5.2.3.RELEASE.jar:5.2.3.RELEASE]
	at javax.servlet.http.HttpServlet.service(HttpServlet.java:741) ~[tomcat-embed-core-9.0.30.jar:9.0.30]
	at org.apache.catalina.core.ApplicationFilterChain.internalDoFilter(ApplicationFilterChain.java:231) ~[tomcat-embed-core-9.0.30.jar:9.0.30]
	at org.apache.catalina.core.ApplicationFilterChain.doFilter(ApplicationFilterChain.java:166) ~[tomcat-embed-core-9.0.30.jar:9.0.30]
	at org.apache.tomcat.websocket.server.WsFilter.doFilter(WsFilter.java:53) ~[tomcat-embed-websocket-9.0.30.jar:9.0.30]
	at org.apache.catalina.core.ApplicationFilterChain.internalDoFilter(ApplicationFilterChain.java:193) ~[tomcat-embed-core-9.0.30.jar:9.0.30]
	at org.apache.catalina.core.ApplicationFilterChain.doFilter(ApplicationFilterChain.java:166) ~[tomcat-embed-core-9.0.30.jar:9.0.30]
	at com.github.xiaoymin.swaggerbootstrapui.filter.SecurityBasicAuthFilter.doFilter(SecurityBasicAuthFilter.java:84) ~[swagger-bootstrap-ui-1.9.3.jar:?]
	at org.apache.catalina.core.ApplicationFilterChain.internalDoFilter(ApplicationFilterChain.java:193) ~[tomcat-embed-core-9.0.30.jar:9.0.30]
	at org.apache.catalina.core.ApplicationFilterChain.doFilter(ApplicationFilterChain.java:166) ~[tomcat-embed-core-9.0.30.jar:9.0.30]
	at com.github.xiaoymin.swaggerbootstrapui.filter.ProductionSecurityFilter.doFilter(ProductionSecurityFilter.java:53) ~[swagger-bootstrap-ui-1.9.3.jar:?]
	at org.apache.catalina.core.ApplicationFilterChain.internalDoFilter(ApplicationFilterChain.java:193) ~[tomcat-embed-core-9.0.30.jar:9.0.30]
	at org.apache.catalina.core.ApplicationFilterChain.doFilter(ApplicationFilterChain.java:166) ~[tomcat-embed-core-9.0.30.jar:9.0.30]
	at com.alibaba.druid.support.http.WebStatFilter.doFilter(WebStatFilter.java:124) ~[druid-1.1.23.jar:1.1.23]
	at org.apache.catalina.core.ApplicationFilterChain.internalDoFilter(ApplicationFilterChain.java:193) ~[tomcat-embed-core-9.0.30.jar:9.0.30]
	at org.apache.catalina.core.ApplicationFilterChain.doFilter(ApplicationFilterChain.java:166) ~[tomcat-embed-core-9.0.30.jar:9.0.30]
	at org.springframework.web.filter.RequestContextFilter.doFilterInternal(RequestContextFilter.java:100) ~[spring-web-5.2.3.RELEASE.jar:5.2.3.RELEASE]
	at org.springframework.web.filter.OncePerRequestFilter.doFilter(OncePerRequestFilter.java:119) ~[spring-web-5.2.3.RELEASE.jar:5.2.3.RELEASE]
	at org.apache.catalina.core.ApplicationFilterChain.internalDoFilter(ApplicationFilterChain.java:193) ~[tomcat-embed-core-9.0.30.jar:9.0.30]
	at org.apache.catalina.core.ApplicationFilterChain.doFilter(ApplicationFilterChain.java:166) ~[tomcat-embed-core-9.0.30.jar:9.0.30]
	at org.springframework.web.filter.FormContentFilter.doFilterInternal(FormContentFilter.java:93) ~[spring-web-5.2.3.RELEASE.jar:5.2.3.RELEASE]
	at org.springframework.web.filter.OncePerRequestFilter.doFilter(OncePerRequestFilter.java:119) ~[spring-web-5.2.3.RELEASE.jar:5.2.3.RELEASE]
	at org.apache.catalina.core.ApplicationFilterChain.internalDoFilter(ApplicationFilterChain.java:193) ~[tomcat-embed-core-9.0.30.jar:9.0.30]
	at org.apache.catalina.core.ApplicationFilterChain.doFilter(ApplicationFilterChain.java:166) ~[tomcat-embed-core-9.0.30.jar:9.0.30]
	at org.springframework.boot.actuate.metrics.web.servlet.WebMvcMetricsFilter.doFilterInternal(WebMvcMetricsFilter.java:108) ~[spring-boot-actuator-2.2.4.RELEASE.jar:2.2.4.RELEASE]
	at org.springframework.web.filter.OncePerRequestFilter.doFilter(OncePerRequestFilter.java:119) ~[spring-web-5.2.3.RELEASE.jar:5.2.3.RELEASE]
	at org.apache.catalina.core.ApplicationFilterChain.internalDoFilter(ApplicationFilterChain.java:193) ~[tomcat-embed-core-9.0.30.jar:9.0.30]
	at org.apache.catalina.core.ApplicationFilterChain.doFilter(ApplicationFilterChain.java:166) ~[tomcat-embed-core-9.0.30.jar:9.0.30]
	at org.springframework.web.filter.CharacterEncodingFilter.doFilterInternal(CharacterEncodingFilter.java:201) ~[spring-web-5.2.3.RELEASE.jar:5.2.3.RELEASE]
	at org.springframework.web.filter.OncePerRequestFilter.doFilter(OncePerRequestFilter.java:119) ~[spring-web-5.2.3.RELEASE.jar:5.2.3.RELEASE]
	at org.apache.catalina.core.ApplicationFilterChain.internalDoFilter(ApplicationFilterChain.java:193) ~[tomcat-embed-core-9.0.30.jar:9.0.30]
	at org.apache.catalina.core.ApplicationFilterChain.doFilter(ApplicationFilterChain.java:166) ~[tomcat-embed-core-9.0.30.jar:9.0.30]
	at org.apache.catalina.core.StandardWrapperValve.invoke(StandardWrapperValve.java:202) [tomcat-embed-core-9.0.30.jar:9.0.30]
	at org.apache.catalina.core.StandardContextValve.invoke(StandardContextValve.java:96) [tomcat-embed-core-9.0.30.jar:9.0.30]
	at org.apache.catalina.authenticator.AuthenticatorBase.invoke(AuthenticatorBase.java:541) [tomcat-embed-core-9.0.30.jar:9.0.30]
	at org.apache.catalina.core.StandardHostValve.invoke(StandardHostValve.java:139) [tomcat-embed-core-9.0.30.jar:9.0.30]
	at org.apache.catalina.valves.ErrorReportValve.invoke(ErrorReportValve.java:92) [tomcat-embed-core-9.0.30.jar:9.0.30]
	at org.apache.catalina.core.StandardEngineValve.invoke(StandardEngineValve.java:74) [tomcat-embed-core-9.0.30.jar:9.0.30]
	at org.apache.catalina.connector.CoyoteAdapter.service(CoyoteAdapter.java:343) [tomcat-embed-core-9.0.30.jar:9.0.30]
	at org.apache.coyote.http11.Http11Processor.service(Http11Processor.java:367) [tomcat-embed-core-9.0.30.jar:9.0.30]
	at org.apache.coyote.AbstractProcessorLight.process(AbstractProcessorLight.java:65) [tomcat-embed-core-9.0.30.jar:9.0.30]
	at org.apache.coyote.AbstractProtocol$ConnectionHandler.process(AbstractProtocol.java:860) [tomcat-embed-core-9.0.30.jar:9.0.30]
	at org.apache.tomcat.util.net.NioEndpoint$SocketProcessor.doRun(NioEndpoint.java:1598) [tomcat-embed-core-9.0.30.jar:9.0.30]
	at org.apache.tomcat.util.net.SocketProcessorBase.run(SocketProcessorBase.java:49) [tomcat-embed-core-9.0.30.jar:9.0.30]
	at java.util.concurrent.ThreadPoolExecutor.runWorker(ThreadPoolExecutor.java:1149) [?:1.8.0_221]
	at java.util.concurrent.ThreadPoolExecutor$Worker.run(ThreadPoolExecutor.java:624) [?:1.8.0_221]
	at org.apache.tomcat.util.threads.TaskThread$WrappingRunnable.run(TaskThread.java:61) [tomcat-embed-core-9.0.30.jar:9.0.30]
	at java.lang.Thread.run(Thread.java:748) [?:1.8.0_221]
15:31:28.297 [http-nio-8081-exec-3] INFO  com.wy.demo.aop.WebLogAspect - 
 ======= aop start requestId:1674977488297
15:32:29.114 [http-nio-8081-exec-3] ERROR com.wy.demo.aop.WebLogAspect - com.wy.demo.Exception.ServiceException: 失败，请填写正确age!失败，请填写age!失败，名字不能为空!
com.wy.demo.Exception.ServiceException: 失败，请填写正确age!失败，请填写age!失败，名字不能为空!
	at com.wy.demo.validGroup.ValidatorUtil.validateEntity(ValidatorUtil.java:32) ~[classes/:?]
	at com.wy.demo.validGroup.ValidatedTestController.exam(ValidatedTestController.java:36) ~[classes/:?]
	at com.wy.demo.validGroup.ValidatedTestController$$FastClassBySpringCGLIB$$c613f9bd.invoke(<generated>) ~[classes/:?]
	at org.springframework.cglib.proxy.MethodProxy.invoke(MethodProxy.java:218) ~[spring-core-5.2.3.RELEASE.jar:5.2.3.RELEASE]
	at org.springframework.aop.framework.CglibAopProxy$CglibMethodInvocation.invokeJoinpoint(CglibAopProxy.java:769) ~[spring-aop-5.2.3.RELEASE.jar:5.2.3.RELEASE]
	at org.springframework.aop.framework.ReflectiveMethodInvocation.proceed(ReflectiveMethodInvocation.java:163) ~[spring-aop-5.2.3.RELEASE.jar:5.2.3.RELEASE]
	at org.springframework.aop.framework.CglibAopProxy$CglibMethodInvocation.proceed(CglibAopProxy.java:747) ~[spring-aop-5.2.3.RELEASE.jar:5.2.3.RELEASE]
	at org.springframework.aop.aspectj.MethodInvocationProceedingJoinPoint.proceed(MethodInvocationProceedingJoinPoint.java:88) ~[spring-aop-5.2.3.RELEASE.jar:5.2.3.RELEASE]
	at com.wy.demo.aop.WebLogAspect.around(WebLogAspect.java:35) [classes/:?]
	at sun.reflect.NativeMethodAccessorImpl.invoke0(Native Method) ~[?:1.8.0_221]
	at sun.reflect.NativeMethodAccessorImpl.invoke(NativeMethodAccessorImpl.java:62) ~[?:1.8.0_221]
	at sun.reflect.DelegatingMethodAccessorImpl.invoke(DelegatingMethodAccessorImpl.java:43) ~[?:1.8.0_221]
	at java.lang.reflect.Method.invoke(Method.java:498) ~[?:1.8.0_221]
	at org.springframework.aop.aspectj.AbstractAspectJAdvice.invokeAdviceMethodWithGivenArgs(AbstractAspectJAdvice.java:644) [spring-aop-5.2.3.RELEASE.jar:5.2.3.RELEASE]
	at org.springframework.aop.aspectj.AbstractAspectJAdvice.invokeAdviceMethod(AbstractAspectJAdvice.java:633) [spring-aop-5.2.3.RELEASE.jar:5.2.3.RELEASE]
	at org.springframework.aop.aspectj.AspectJAroundAdvice.invoke(AspectJAroundAdvice.java:70) [spring-aop-5.2.3.RELEASE.jar:5.2.3.RELEASE]
	at org.springframework.aop.framework.ReflectiveMethodInvocation.proceed(ReflectiveMethodInvocation.java:186) [spring-aop-5.2.3.RELEASE.jar:5.2.3.RELEASE]
	at org.springframework.aop.framework.CglibAopProxy$CglibMethodInvocation.proceed(CglibAopProxy.java:747) [spring-aop-5.2.3.RELEASE.jar:5.2.3.RELEASE]
	at org.springframework.aop.interceptor.ExposeInvocationInterceptor.invoke(ExposeInvocationInterceptor.java:95) [spring-aop-5.2.3.RELEASE.jar:5.2.3.RELEASE]
	at org.springframework.aop.framework.ReflectiveMethodInvocation.proceed(ReflectiveMethodInvocation.java:186) [spring-aop-5.2.3.RELEASE.jar:5.2.3.RELEASE]
	at org.springframework.aop.framework.CglibAopProxy$CglibMethodInvocation.proceed(CglibAopProxy.java:747) [spring-aop-5.2.3.RELEASE.jar:5.2.3.RELEASE]
	at org.springframework.aop.framework.CglibAopProxy$DynamicAdvisedInterceptor.intercept(CglibAopProxy.java:689) [spring-aop-5.2.3.RELEASE.jar:5.2.3.RELEASE]
	at com.wy.demo.validGroup.ValidatedTestController$$EnhancerBySpringCGLIB$$d596b097.exam(<generated>) [classes/:?]
	at sun.reflect.NativeMethodAccessorImpl.invoke0(Native Method) ~[?:1.8.0_221]
	at sun.reflect.NativeMethodAccessorImpl.invoke(NativeMethodAccessorImpl.java:62) ~[?:1.8.0_221]
	at sun.reflect.DelegatingMethodAccessorImpl.invoke(DelegatingMethodAccessorImpl.java:43) ~[?:1.8.0_221]
	at java.lang.reflect.Method.invoke(Method.java:498) ~[?:1.8.0_221]
	at org.springframework.web.method.support.InvocableHandlerMethod.doInvoke(InvocableHandlerMethod.java:190) [spring-web-5.2.3.RELEASE.jar:5.2.3.RELEASE]
	at org.springframework.web.method.support.InvocableHandlerMethod.invokeForRequest(InvocableHandlerMethod.java:138) [spring-web-5.2.3.RELEASE.jar:5.2.3.RELEASE]
	at org.springframework.web.servlet.mvc.method.annotation.ServletInvocableHandlerMethod.invokeAndHandle(ServletInvocableHandlerMethod.java:106) [spring-webmvc-5.2.3.RELEASE.jar:5.2.3.RELEASE]
	at org.springframework.web.servlet.mvc.method.annotation.RequestMappingHandlerAdapter.invokeHandlerMethod(RequestMappingHandlerAdapter.java:888) [spring-webmvc-5.2.3.RELEASE.jar:5.2.3.RELEASE]
	at org.springframework.web.servlet.mvc.method.annotation.RequestMappingHandlerAdapter.handleInternal(RequestMappingHandlerAdapter.java:793) [spring-webmvc-5.2.3.RELEASE.jar:5.2.3.RELEASE]
	at org.springframework.web.servlet.mvc.method.AbstractHandlerMethodAdapter.handle(AbstractHandlerMethodAdapter.java:87) [spring-webmvc-5.2.3.RELEASE.jar:5.2.3.RELEASE]
	at org.springframework.web.servlet.DispatcherServlet.doDispatch(DispatcherServlet.java:1040) [spring-webmvc-5.2.3.RELEASE.jar:5.2.3.RELEASE]
	at org.springframework.web.servlet.DispatcherServlet.doService(DispatcherServlet.java:943) [spring-webmvc-5.2.3.RELEASE.jar:5.2.3.RELEASE]
	at org.springframework.web.servlet.FrameworkServlet.processRequest(FrameworkServlet.java:1006) [spring-webmvc-5.2.3.RELEASE.jar:5.2.3.RELEASE]
	at org.springframework.web.servlet.FrameworkServlet.doPost(FrameworkServlet.java:909) [spring-webmvc-5.2.3.RELEASE.jar:5.2.3.RELEASE]
	at javax.servlet.http.HttpServlet.service(HttpServlet.java:660) [tomcat-embed-core-9.0.30.jar:9.0.30]
	at org.springframework.web.servlet.FrameworkServlet.service(FrameworkServlet.java:883) [spring-webmvc-5.2.3.RELEASE.jar:5.2.3.RELEASE]
	at javax.servlet.http.HttpServlet.service(HttpServlet.java:741) [tomcat-embed-core-9.0.30.jar:9.0.30]
	at org.apache.catalina.core.ApplicationFilterChain.internalDoFilter(ApplicationFilterChain.java:231) [tomcat-embed-core-9.0.30.jar:9.0.30]
	at org.apache.catalina.core.ApplicationFilterChain.doFilter(ApplicationFilterChain.java:166) [tomcat-embed-core-9.0.30.jar:9.0.30]
	at org.apache.tomcat.websocket.server.WsFilter.doFilter(WsFilter.java:53) [tomcat-embed-websocket-9.0.30.jar:9.0.30]
	at org.apache.catalina.core.ApplicationFilterChain.internalDoFilter(ApplicationFilterChain.java:193) [tomcat-embed-core-9.0.30.jar:9.0.30]
	at org.apache.catalina.core.ApplicationFilterChain.doFilter(ApplicationFilterChain.java:166) [tomcat-embed-core-9.0.30.jar:9.0.30]
	at com.github.xiaoymin.swaggerbootstrapui.filter.SecurityBasicAuthFilter.doFilter(SecurityBasicAuthFilter.java:84) [swagger-bootstrap-ui-1.9.3.jar:?]
	at org.apache.catalina.core.ApplicationFilterChain.internalDoFilter(ApplicationFilterChain.java:193) [tomcat-embed-core-9.0.30.jar:9.0.30]
	at org.apache.catalina.core.ApplicationFilterChain.doFilter(ApplicationFilterChain.java:166) [tomcat-embed-core-9.0.30.jar:9.0.30]
	at com.github.xiaoymin.swaggerbootstrapui.filter.ProductionSecurityFilter.doFilter(ProductionSecurityFilter.java:53) [swagger-bootstrap-ui-1.9.3.jar:?]
	at org.apache.catalina.core.ApplicationFilterChain.internalDoFilter(ApplicationFilterChain.java:193) [tomcat-embed-core-9.0.30.jar:9.0.30]
	at org.apache.catalina.core.ApplicationFilterChain.doFilter(ApplicationFilterChain.java:166) [tomcat-embed-core-9.0.30.jar:9.0.30]
	at com.alibaba.druid.support.http.WebStatFilter.doFilter(WebStatFilter.java:124) [druid-1.1.23.jar:1.1.23]
	at org.apache.catalina.core.ApplicationFilterChain.internalDoFilter(ApplicationFilterChain.java:193) [tomcat-embed-core-9.0.30.jar:9.0.30]
	at org.apache.catalina.core.ApplicationFilterChain.doFilter(ApplicationFilterChain.java:166) [tomcat-embed-core-9.0.30.jar:9.0.30]
	at org.springframework.web.filter.RequestContextFilter.doFilterInternal(RequestContextFilter.java:100) [spring-web-5.2.3.RELEASE.jar:5.2.3.RELEASE]
	at org.springframework.web.filter.OncePerRequestFilter.doFilter(OncePerRequestFilter.java:119) [spring-web-5.2.3.RELEASE.jar:5.2.3.RELEASE]
	at org.apache.catalina.core.ApplicationFilterChain.internalDoFilter(ApplicationFilterChain.java:193) [tomcat-embed-core-9.0.30.jar:9.0.30]
	at org.apache.catalina.core.ApplicationFilterChain.doFilter(ApplicationFilterChain.java:166) [tomcat-embed-core-9.0.30.jar:9.0.30]
	at org.springframework.web.filter.FormContentFilter.doFilterInternal(FormContentFilter.java:93) [spring-web-5.2.3.RELEASE.jar:5.2.3.RELEASE]
	at org.springframework.web.filter.OncePerRequestFilter.doFilter(OncePerRequestFilter.java:119) [spring-web-5.2.3.RELEASE.jar:5.2.3.RELEASE]
	at org.apache.catalina.core.ApplicationFilterChain.internalDoFilter(ApplicationFilterChain.java:193) [tomcat-embed-core-9.0.30.jar:9.0.30]
	at org.apache.catalina.core.ApplicationFilterChain.doFilter(ApplicationFilterChain.java:166) [tomcat-embed-core-9.0.30.jar:9.0.30]
	at org.springframework.boot.actuate.metrics.web.servlet.WebMvcMetricsFilter.doFilterInternal(WebMvcMetricsFilter.java:108) [spring-boot-actuator-2.2.4.RELEASE.jar:2.2.4.RELEASE]
	at org.springframework.web.filter.OncePerRequestFilter.doFilter(OncePerRequestFilter.java:119) [spring-web-5.2.3.RELEASE.jar:5.2.3.RELEASE]
	at org.apache.catalina.core.ApplicationFilterChain.internalDoFilter(ApplicationFilterChain.java:193) [tomcat-embed-core-9.0.30.jar:9.0.30]
	at org.apache.catalina.core.ApplicationFilterChain.doFilter(ApplicationFilterChain.java:166) [tomcat-embed-core-9.0.30.jar:9.0.30]
	at org.springframework.web.filter.CharacterEncodingFilter.doFilterInternal(CharacterEncodingFilter.java:201) [spring-web-5.2.3.RELEASE.jar:5.2.3.RELEASE]
	at org.springframework.web.filter.OncePerRequestFilter.doFilter(OncePerRequestFilter.java:119) [spring-web-5.2.3.RELEASE.jar:5.2.3.RELEASE]
	at org.apache.catalina.core.ApplicationFilterChain.internalDoFilter(ApplicationFilterChain.java:193) [tomcat-embed-core-9.0.30.jar:9.0.30]
	at org.apache.catalina.core.ApplicationFilterChain.doFilter(ApplicationFilterChain.java:166) [tomcat-embed-core-9.0.30.jar:9.0.30]
	at org.apache.catalina.core.StandardWrapperValve.invoke(StandardWrapperValve.java:202) [tomcat-embed-core-9.0.30.jar:9.0.30]
	at org.apache.catalina.core.StandardContextValve.invoke(StandardContextValve.java:96) [tomcat-embed-core-9.0.30.jar:9.0.30]
	at org.apache.catalina.authenticator.AuthenticatorBase.invoke(AuthenticatorBase.java:541) [tomcat-embed-core-9.0.30.jar:9.0.30]
	at org.apache.catalina.core.StandardHostValve.invoke(StandardHostValve.java:139) [tomcat-embed-core-9.0.30.jar:9.0.30]
	at org.apache.catalina.valves.ErrorReportValve.invoke(ErrorReportValve.java:92) [tomcat-embed-core-9.0.30.jar:9.0.30]
	at org.apache.catalina.core.StandardEngineValve.invoke(StandardEngineValve.java:74) [tomcat-embed-core-9.0.30.jar:9.0.30]
	at org.apache.catalina.connector.CoyoteAdapter.service(CoyoteAdapter.java:343) [tomcat-embed-core-9.0.30.jar:9.0.30]
	at org.apache.coyote.http11.Http11Processor.service(Http11Processor.java:367) [tomcat-embed-core-9.0.30.jar:9.0.30]
	at org.apache.coyote.AbstractProcessorLight.process(AbstractProcessorLight.java:65) [tomcat-embed-core-9.0.30.jar:9.0.30]
	at org.apache.coyote.AbstractProtocol$ConnectionHandler.process(AbstractProtocol.java:860) [tomcat-embed-core-9.0.30.jar:9.0.30]
	at org.apache.tomcat.util.net.NioEndpoint$SocketProcessor.doRun(NioEndpoint.java:1598) [tomcat-embed-core-9.0.30.jar:9.0.30]
	at org.apache.tomcat.util.net.SocketProcessorBase.run(SocketProcessorBase.java:49) [tomcat-embed-core-9.0.30.jar:9.0.30]
	at java.util.concurrent.ThreadPoolExecutor.runWorker(ThreadPoolExecutor.java:1149) [?:1.8.0_221]
	at java.util.concurrent.ThreadPoolExecutor$Worker.run(ThreadPoolExecutor.java:624) [?:1.8.0_221]
	at org.apache.tomcat.util.threads.TaskThread$WrappingRunnable.run(TaskThread.java:61) [tomcat-embed-core-9.0.30.jar:9.0.30]
	at java.lang.Thread.run(Thread.java:748) [?:1.8.0_221]
15:32:29.175 [http-nio-8081-exec-3] INFO  com.wy.demo.aop.WebLogAspect - 
 ==== requset and response  request_id:1674977488297=====
 request_url  :/validated/test/addAll
 http_method  :POST
 class_methodname  :Result com.wy.demo.validGroup.ValidatedTestController.exam(ParamsVo)
 request_ip  :ip
 descrpition  :执行异常！
 request_param  :[{"id":"","name":"","sex":""}]
 response_result  :"com.wy.demo.Exception.ServiceException: 失败，请填写正确age!失败，请填写age!失败，名字不能为空!"
 ==== aop log end  request_id:1674977488297=================
15:32:29.179 [http-nio-8081-exec-3] ERROR org.apache.catalina.core.ContainerBase.[Tomcat].[localhost].[/].[dispatcherServlet] - Servlet.service() for servlet [dispatcherServlet] in context with path [] threw exception [Request processing failed; nested exception is com.wy.demo.Exception.ServiceException: 失败，请填写正确age!失败，请填写age!失败，名字不能为空!] with root cause
com.wy.demo.Exception.ServiceException: 失败，请填写正确age!失败，请填写age!失败，名字不能为空!
	at com.wy.demo.validGroup.ValidatorUtil.validateEntity(ValidatorUtil.java:32) ~[classes/:?]
	at com.wy.demo.validGroup.ValidatedTestController.exam(ValidatedTestController.java:36) ~[classes/:?]
	at com.wy.demo.validGroup.ValidatedTestController$$FastClassBySpringCGLIB$$c613f9bd.invoke(<generated>) ~[classes/:?]
	at org.springframework.cglib.proxy.MethodProxy.invoke(MethodProxy.java:218) ~[spring-core-5.2.3.RELEASE.jar:5.2.3.RELEASE]
	at org.springframework.aop.framework.CglibAopProxy$CglibMethodInvocation.invokeJoinpoint(CglibAopProxy.java:769) ~[spring-aop-5.2.3.RELEASE.jar:5.2.3.RELEASE]
	at org.springframework.aop.framework.ReflectiveMethodInvocation.proceed(ReflectiveMethodInvocation.java:163) ~[spring-aop-5.2.3.RELEASE.jar:5.2.3.RELEASE]
	at org.springframework.aop.framework.CglibAopProxy$CglibMethodInvocation.proceed(CglibAopProxy.java:747) ~[spring-aop-5.2.3.RELEASE.jar:5.2.3.RELEASE]
	at org.springframework.aop.aspectj.MethodInvocationProceedingJoinPoint.proceed(MethodInvocationProceedingJoinPoint.java:88) ~[spring-aop-5.2.3.RELEASE.jar:5.2.3.RELEASE]
	at com.wy.demo.aop.WebLogAspect.around(WebLogAspect.java:35) ~[classes/:?]
	at sun.reflect.NativeMethodAccessorImpl.invoke0(Native Method) ~[?:1.8.0_221]
	at sun.reflect.NativeMethodAccessorImpl.invoke(NativeMethodAccessorImpl.java:62) ~[?:1.8.0_221]
	at sun.reflect.DelegatingMethodAccessorImpl.invoke(DelegatingMethodAccessorImpl.java:43) ~[?:1.8.0_221]
	at java.lang.reflect.Method.invoke(Method.java:498) ~[?:1.8.0_221]
	at org.springframework.aop.aspectj.AbstractAspectJAdvice.invokeAdviceMethodWithGivenArgs(AbstractAspectJAdvice.java:644) ~[spring-aop-5.2.3.RELEASE.jar:5.2.3.RELEASE]
	at org.springframework.aop.aspectj.AbstractAspectJAdvice.invokeAdviceMethod(AbstractAspectJAdvice.java:633) ~[spring-aop-5.2.3.RELEASE.jar:5.2.3.RELEASE]
	at org.springframework.aop.aspectj.AspectJAroundAdvice.invoke(AspectJAroundAdvice.java:70) ~[spring-aop-5.2.3.RELEASE.jar:5.2.3.RELEASE]
	at org.springframework.aop.framework.ReflectiveMethodInvocation.proceed(ReflectiveMethodInvocation.java:186) ~[spring-aop-5.2.3.RELEASE.jar:5.2.3.RELEASE]
	at org.springframework.aop.framework.CglibAopProxy$CglibMethodInvocation.proceed(CglibAopProxy.java:747) ~[spring-aop-5.2.3.RELEASE.jar:5.2.3.RELEASE]
	at org.springframework.aop.interceptor.ExposeInvocationInterceptor.invoke(ExposeInvocationInterceptor.java:95) ~[spring-aop-5.2.3.RELEASE.jar:5.2.3.RELEASE]
	at org.springframework.aop.framework.ReflectiveMethodInvocation.proceed(ReflectiveMethodInvocation.java:186) ~[spring-aop-5.2.3.RELEASE.jar:5.2.3.RELEASE]
	at org.springframework.aop.framework.CglibAopProxy$CglibMethodInvocation.proceed(CglibAopProxy.java:747) ~[spring-aop-5.2.3.RELEASE.jar:5.2.3.RELEASE]
	at org.springframework.aop.framework.CglibAopProxy$DynamicAdvisedInterceptor.intercept(CglibAopProxy.java:689) ~[spring-aop-5.2.3.RELEASE.jar:5.2.3.RELEASE]
	at com.wy.demo.validGroup.ValidatedTestController$$EnhancerBySpringCGLIB$$d596b097.exam(<generated>) ~[classes/:?]
	at sun.reflect.NativeMethodAccessorImpl.invoke0(Native Method) ~[?:1.8.0_221]
	at sun.reflect.NativeMethodAccessorImpl.invoke(NativeMethodAccessorImpl.java:62) ~[?:1.8.0_221]
	at sun.reflect.DelegatingMethodAccessorImpl.invoke(DelegatingMethodAccessorImpl.java:43) ~[?:1.8.0_221]
	at java.lang.reflect.Method.invoke(Method.java:498) ~[?:1.8.0_221]
	at org.springframework.web.method.support.InvocableHandlerMethod.doInvoke(InvocableHandlerMethod.java:190) ~[spring-web-5.2.3.RELEASE.jar:5.2.3.RELEASE]
	at org.springframework.web.method.support.InvocableHandlerMethod.invokeForRequest(InvocableHandlerMethod.java:138) ~[spring-web-5.2.3.RELEASE.jar:5.2.3.RELEASE]
	at org.springframework.web.servlet.mvc.method.annotation.ServletInvocableHandlerMethod.invokeAndHandle(ServletInvocableHandlerMethod.java:106) ~[spring-webmvc-5.2.3.RELEASE.jar:5.2.3.RELEASE]
	at org.springframework.web.servlet.mvc.method.annotation.RequestMappingHandlerAdapter.invokeHandlerMethod(RequestMappingHandlerAdapter.java:888) ~[spring-webmvc-5.2.3.RELEASE.jar:5.2.3.RELEASE]
	at org.springframework.web.servlet.mvc.method.annotation.RequestMappingHandlerAdapter.handleInternal(RequestMappingHandlerAdapter.java:793) ~[spring-webmvc-5.2.3.RELEASE.jar:5.2.3.RELEASE]
	at org.springframework.web.servlet.mvc.method.AbstractHandlerMethodAdapter.handle(AbstractHandlerMethodAdapter.java:87) ~[spring-webmvc-5.2.3.RELEASE.jar:5.2.3.RELEASE]
	at org.springframework.web.servlet.DispatcherServlet.doDispatch(DispatcherServlet.java:1040) ~[spring-webmvc-5.2.3.RELEASE.jar:5.2.3.RELEASE]
	at org.springframework.web.servlet.DispatcherServlet.doService(DispatcherServlet.java:943) ~[spring-webmvc-5.2.3.RELEASE.jar:5.2.3.RELEASE]
	at org.springframework.web.servlet.FrameworkServlet.processRequest(FrameworkServlet.java:1006) ~[spring-webmvc-5.2.3.RELEASE.jar:5.2.3.RELEASE]
	at org.springframework.web.servlet.FrameworkServlet.doPost(FrameworkServlet.java:909) ~[spring-webmvc-5.2.3.RELEASE.jar:5.2.3.RELEASE]
	at javax.servlet.http.HttpServlet.service(HttpServlet.java:660) ~[tomcat-embed-core-9.0.30.jar:9.0.30]
	at org.springframework.web.servlet.FrameworkServlet.service(FrameworkServlet.java:883) ~[spring-webmvc-5.2.3.RELEASE.jar:5.2.3.RELEASE]
	at javax.servlet.http.HttpServlet.service(HttpServlet.java:741) ~[tomcat-embed-core-9.0.30.jar:9.0.30]
	at org.apache.catalina.core.ApplicationFilterChain.internalDoFilter(ApplicationFilterChain.java:231) ~[tomcat-embed-core-9.0.30.jar:9.0.30]
	at org.apache.catalina.core.ApplicationFilterChain.doFilter(ApplicationFilterChain.java:166) ~[tomcat-embed-core-9.0.30.jar:9.0.30]
	at org.apache.tomcat.websocket.server.WsFilter.doFilter(WsFilter.java:53) ~[tomcat-embed-websocket-9.0.30.jar:9.0.30]
	at org.apache.catalina.core.ApplicationFilterChain.internalDoFilter(ApplicationFilterChain.java:193) ~[tomcat-embed-core-9.0.30.jar:9.0.30]
	at org.apache.catalina.core.ApplicationFilterChain.doFilter(ApplicationFilterChain.java:166) ~[tomcat-embed-core-9.0.30.jar:9.0.30]
	at com.github.xiaoymin.swaggerbootstrapui.filter.SecurityBasicAuthFilter.doFilter(SecurityBasicAuthFilter.java:84) ~[swagger-bootstrap-ui-1.9.3.jar:?]
	at org.apache.catalina.core.ApplicationFilterChain.internalDoFilter(ApplicationFilterChain.java:193) ~[tomcat-embed-core-9.0.30.jar:9.0.30]
	at org.apache.catalina.core.ApplicationFilterChain.doFilter(ApplicationFilterChain.java:166) ~[tomcat-embed-core-9.0.30.jar:9.0.30]
	at com.github.xiaoymin.swaggerbootstrapui.filter.ProductionSecurityFilter.doFilter(ProductionSecurityFilter.java:53) ~[swagger-bootstrap-ui-1.9.3.jar:?]
	at org.apache.catalina.core.ApplicationFilterChain.internalDoFilter(ApplicationFilterChain.java:193) ~[tomcat-embed-core-9.0.30.jar:9.0.30]
	at org.apache.catalina.core.ApplicationFilterChain.doFilter(ApplicationFilterChain.java:166) ~[tomcat-embed-core-9.0.30.jar:9.0.30]
	at com.alibaba.druid.support.http.WebStatFilter.doFilter(WebStatFilter.java:124) ~[druid-1.1.23.jar:1.1.23]
	at org.apache.catalina.core.ApplicationFilterChain.internalDoFilter(ApplicationFilterChain.java:193) ~[tomcat-embed-core-9.0.30.jar:9.0.30]
	at org.apache.catalina.core.ApplicationFilterChain.doFilter(ApplicationFilterChain.java:166) ~[tomcat-embed-core-9.0.30.jar:9.0.30]
	at org.springframework.web.filter.RequestContextFilter.doFilterInternal(RequestContextFilter.java:100) ~[spring-web-5.2.3.RELEASE.jar:5.2.3.RELEASE]
	at org.springframework.web.filter.OncePerRequestFilter.doFilter(OncePerRequestFilter.java:119) ~[spring-web-5.2.3.RELEASE.jar:5.2.3.RELEASE]
	at org.apache.catalina.core.ApplicationFilterChain.internalDoFilter(ApplicationFilterChain.java:193) ~[tomcat-embed-core-9.0.30.jar:9.0.30]
	at org.apache.catalina.core.ApplicationFilterChain.doFilter(ApplicationFilterChain.java:166) ~[tomcat-embed-core-9.0.30.jar:9.0.30]
	at org.springframework.web.filter.FormContentFilter.doFilterInternal(FormContentFilter.java:93) ~[spring-web-5.2.3.RELEASE.jar:5.2.3.RELEASE]
	at org.springframework.web.filter.OncePerRequestFilter.doFilter(OncePerRequestFilter.java:119) ~[spring-web-5.2.3.RELEASE.jar:5.2.3.RELEASE]
	at org.apache.catalina.core.ApplicationFilterChain.internalDoFilter(ApplicationFilterChain.java:193) ~[tomcat-embed-core-9.0.30.jar:9.0.30]
	at org.apache.catalina.core.ApplicationFilterChain.doFilter(ApplicationFilterChain.java:166) ~[tomcat-embed-core-9.0.30.jar:9.0.30]
	at org.springframework.boot.actuate.metrics.web.servlet.WebMvcMetricsFilter.doFilterInternal(WebMvcMetricsFilter.java:108) ~[spring-boot-actuator-2.2.4.RELEASE.jar:2.2.4.RELEASE]
	at org.springframework.web.filter.OncePerRequestFilter.doFilter(OncePerRequestFilter.java:119) ~[spring-web-5.2.3.RELEASE.jar:5.2.3.RELEASE]
	at org.apache.catalina.core.ApplicationFilterChain.internalDoFilter(ApplicationFilterChain.java:193) ~[tomcat-embed-core-9.0.30.jar:9.0.30]
	at org.apache.catalina.core.ApplicationFilterChain.doFilter(ApplicationFilterChain.java:166) ~[tomcat-embed-core-9.0.30.jar:9.0.30]
	at org.springframework.web.filter.CharacterEncodingFilter.doFilterInternal(CharacterEncodingFilter.java:201) ~[spring-web-5.2.3.RELEASE.jar:5.2.3.RELEASE]
	at org.springframework.web.filter.OncePerRequestFilter.doFilter(OncePerRequestFilter.java:119) ~[spring-web-5.2.3.RELEASE.jar:5.2.3.RELEASE]
	at org.apache.catalina.core.ApplicationFilterChain.internalDoFilter(ApplicationFilterChain.java:193) ~[tomcat-embed-core-9.0.30.jar:9.0.30]
	at org.apache.catalina.core.ApplicationFilterChain.doFilter(ApplicationFilterChain.java:166) ~[tomcat-embed-core-9.0.30.jar:9.0.30]
	at org.apache.catalina.core.StandardWrapperValve.invoke(StandardWrapperValve.java:202) [tomcat-embed-core-9.0.30.jar:9.0.30]
	at org.apache.catalina.core.StandardContextValve.invoke(StandardContextValve.java:96) [tomcat-embed-core-9.0.30.jar:9.0.30]
	at org.apache.catalina.authenticator.AuthenticatorBase.invoke(AuthenticatorBase.java:541) [tomcat-embed-core-9.0.30.jar:9.0.30]
	at org.apache.catalina.core.StandardHostValve.invoke(StandardHostValve.java:139) [tomcat-embed-core-9.0.30.jar:9.0.30]
	at org.apache.catalina.valves.ErrorReportValve.invoke(ErrorReportValve.java:92) [tomcat-embed-core-9.0.30.jar:9.0.30]
	at org.apache.catalina.core.StandardEngineValve.invoke(StandardEngineValve.java:74) [tomcat-embed-core-9.0.30.jar:9.0.30]
	at org.apache.catalina.connector.CoyoteAdapter.service(CoyoteAdapter.java:343) [tomcat-embed-core-9.0.30.jar:9.0.30]
	at org.apache.coyote.http11.Http11Processor.service(Http11Processor.java:367) [tomcat-embed-core-9.0.30.jar:9.0.30]
	at org.apache.coyote.AbstractProcessorLight.process(AbstractProcessorLight.java:65) [tomcat-embed-core-9.0.30.jar:9.0.30]
	at org.apache.coyote.AbstractProtocol$ConnectionHandler.process(AbstractProtocol.java:860) [tomcat-embed-core-9.0.30.jar:9.0.30]
	at org.apache.tomcat.util.net.NioEndpoint$SocketProcessor.doRun(NioEndpoint.java:1598) [tomcat-embed-core-9.0.30.jar:9.0.30]
	at org.apache.tomcat.util.net.SocketProcessorBase.run(SocketProcessorBase.java:49) [tomcat-embed-core-9.0.30.jar:9.0.30]
	at java.util.concurrent.ThreadPoolExecutor.runWorker(ThreadPoolExecutor.java:1149) [?:1.8.0_221]
	at java.util.concurrent.ThreadPoolExecutor$Worker.run(ThreadPoolExecutor.java:624) [?:1.8.0_221]
	at org.apache.tomcat.util.threads.TaskThread$WrappingRunnable.run(TaskThread.java:61) [tomcat-embed-core-9.0.30.jar:9.0.30]
	at java.lang.Thread.run(Thread.java:748) [?:1.8.0_221]
